Log file open, 03/22/17 12:20:09
LogInit:Display: Running engine for game: FirePropagation
LogPlatformFile: Not using cached read wrapper
LogInit:Display: RandInit(-1943214983) SRandInit(-1943214982).
LogTaskGraph: Started task graph with 4 named threads and 7 total threads with 1 sets of task threads.
LogStats: Stats thread started at 0.092763
LogInit: Version: 4.12.5-3039270+++UE4+Release-4.12
LogInit: API Version: 2992821
LogInit: Net Version: 3039270
LogDevObjectVersion: Number of dev versions registered: 13
LogDevObjectVersion:   Dev-Blueprints (B0D832E4-1F89-4F0D-ACCF-7EB736FD4AA2): 3
LogDevObjectVersion:   Dev-Build (E1C64328-A22C-4D53-A36C-8E866417BD8C): 0
LogDevObjectVersion:   Dev-Core (375EC13C-06E4-48FB-B500-84F0262A717E): 1
LogDevObjectVersion:   Dev-Editor (E4B068ED-F494-42E9-A231-DA0B2E46BB41): 2
LogDevObjectVersion:   Dev-Framework (CFFC743F-43B0-4480-9391-14DF171D2073): 6
LogDevObjectVersion:   Dev-Mobile (B02B49B5-BB20-44E9-A304-32B752E40360): 0
LogDevObjectVersion:   Dev-Networking (A4E4105C-59A1-49B5-A7C5-40C4547EDFEE): 0
LogDevObjectVersion:   Dev-Online (39C831C9-5AE6-47DC-9A44-9C173E1C8E7C): 0
LogDevObjectVersion:   Dev-Physics (78F01B33-EBEA-4F98-B9B4-84EACCB95AA2): 0
LogDevObjectVersion:   Dev-Platform (6631380F-2D4D-43E0-8009-CF276956A95A): 0
LogDevObjectVersion:   Dev-Rendering (12F88B9F-8875-4AFC-A67C-D90C383ABD29): 2
LogDevObjectVersion:   Dev-Sequencer (7B5AE74C-D270-4C10-A958-57980B212A5A): 0
LogDevObjectVersion:   Dev-VR (D7296918-1DD6-4BDD-9DE2-64A83CC13884): 0
LogInit: Compiled (64-bit): Jul  6 2016 09:09:46
LogInit: Compiled with Visual C++: 19.00.23026.00
LogInit: Build Configuration: Development
LogInit: Branch Name: ++UE4+Release-4.12
LogInit: Command line:  
LogInit: Base directory: C:/Program Files (x86)/Epic Games/4.12/Engine/Binaries/Win64/
LogInit: Installed Engine Build: 1
LogInit: Using libcurl 7.41.0
LogInit:  - built for x86_64-pc-win32
LogInit:  - supports SSL with WinSSL
LogInit:  - other features:
LogInit:      CURL_VERSION_SSL
LogInit:      CURL_VERSION_IPV6
LogInit:      CURL_VERSION_ASYNCHDNS
LogInit:      CURL_VERSION_LARGEFILE
LogInit:      CURL_VERSION_IDN
LogInit:  CurlRequestOptions (configurable via config and command line):
LogInit:  - bVerifyPeer = true  - Libcurl will verify peer certificate
LogInit:  - bUseHttpProxy = false  - Libcurl will NOT use HTTP proxy
LogInit:  - bDontReuseConnections = false  - Libcurl will reuse connections
LogInit:  - CertBundlePath = nullptr  - Libcurl will use whatever was configured at build time.
LogInit: Presizing for max 8388607 objects, including 0 objects not considered by GC, pre-allocating 0 bytes for permanent pool.
LogInit: Object subsystem initialized
[2017.03.22-12.20.09:190][  0]LogInit: Selected Device Profile: [Windows]
[2017.03.22-12.20.09:190][  0]LogInit: Applying CVar settings loaded from the selected device profile: [Windows]
[2017.03.22-12.20.09:252][  0]LogInit: Computer: STU-CZC625C1N0
[2017.03.22-12.20.09:252][  0]LogInit: User: ac2pitt
[2017.03.22-12.20.09:252][  0]LogInit: CPU Page size=65536, Cores=4
[2017.03.22-12.20.09:252][  0]LogInit: High frequency timer resolution =3.328128 MHz
[2017.03.22-12.20.09:252][  0]LogMemory: Memory total: Physical=31.9GB (32GB approx)
[2017.03.22-12.20.09:252][  0]LogMemory: Platform Memory Stats for Windows
[2017.03.22-12.20.09:252][  0]LogMemory: Process Physical Memory: 190.39 MB used, 190.39 MB peak
[2017.03.22-12.20.09:252][  0]LogMemory: Process Virtual Memory: 196.13 MB used, 196.13 MB peak
[2017.03.22-12.20.09:252][  0]LogMemory: Physical Memory: 5253.76 MB used, 32648.59 MB total
[2017.03.22-12.20.09:252][  0]LogMemory: Virtual Memory: 549.84 MB used, 134217728.00 MB total
[2017.03.22-12.20.09:288][  0]LogTextLocalizationManager: No specific translations for ('en-GB') exist, so ('en') translations will be used.
[2017.03.22-12.20.09:654][  0]LogD3D11RHI: D3D11 adapters:
[2017.03.22-12.20.09:684][  0]LogD3D11RHI:    0. 'NVIDIA GeForce GTX 1060 6GB' (Feature Level 11_0)
[2017.03.22-12.20.09:684][  0]LogD3D11RHI:       5981/0/16324 MB DedicatedVideo/DedicatedSystem/SharedSystem, Outputs:2, VendorId:0x10de
[2017.03.22-12.20.09:693][  0]LogD3D11RHI:    1. 'Intel(R) HD Graphics 530' (Feature Level 11_0)
[2017.03.22-12.20.09:693][  0]LogD3D11RHI:       128/0/3840 MB DedicatedVideo/DedicatedSystem/SharedSystem, Outputs:0, VendorId:0x8086
[2017.03.22-12.20.09:695][  0]LogD3D11RHI:    2. 'Microsoft Basic Render Driver' (Feature Level 11_0)
[2017.03.22-12.20.09:695][  0]LogD3D11RHI:       0/0/256 MB DedicatedVideo/DedicatedSystem/SharedSystem, Outputs:0, VendorId:0x1414
[2017.03.22-12.20.09:695][  0]LogD3D11RHI: Chosen D3D11 Adapter: 0
[2017.03.22-12.20.09:699][  0]LogD3D11RHI: Creating new Direct3DDevice
[2017.03.22-12.20.09:699][  0]LogD3D11RHI:     GPU DeviceId: 0x1c03 (for the marketing name, search the web for "GPU Device Id")
[2017.03.22-12.20.09:699][  0]LogWindows: EnumDisplayDevices:
[2017.03.22-12.20.09:699][  0]LogWindows:    0. 'NVIDIA GeForce GTX 1060 6GB' (P:1 D:1)
[2017.03.22-12.20.09:699][  0]LogWindows:    1. 'NVIDIA GeForce GTX 1060 6GB' (P:0 D:1)
[2017.03.22-12.20.09:699][  0]LogWindows:    2. 'NVIDIA GeForce GTX 1060 6GB' (P:0 D:0)
[2017.03.22-12.20.09:699][  0]LogWindows:    3. 'NVIDIA GeForce GTX 1060 6GB' (P:0 D:0)
[2017.03.22-12.20.09:700][  0]LogWindows:    4. 'Intel(R) HD Graphics 530' (P:0 D:0)
[2017.03.22-12.20.09:700][  0]LogWindows:    5. 'Intel(R) HD Graphics 530' (P:0 D:0)
[2017.03.22-12.20.09:700][  0]LogWindows:    6. 'Intel(R) HD Graphics 530' (P:0 D:0)
[2017.03.22-12.20.09:700][  0]LogWindows: DebugString: PrimaryIsNotTheChoosenAdapter PrimaryIsNotTheChoosenAdapter PrimaryIsNotTheChoosenAdapter FoundDriverCount:4 
[2017.03.22-12.20.09:700][  0]LogD3D11RHI:     Adapter Name: NVIDIA GeForce GTX 1060 6GB
[2017.03.22-12.20.09:700][  0]LogD3D11RHI:   Driver Version: 373.06 (internal:21.21.13.7306, unified:373.06)
[2017.03.22-12.20.09:700][  0]LogD3D11RHI:      Driver Date: 10-1-2016
[2017.03.22-12.20.09:700][  0]LogRHI: Texture pool is 1361 MB (70% of 1945 MB)
[2017.03.22-12.20.09:710][  0]LogD3D11RHI: Async texture creation enabled
[2017.03.22-12.20.09:728][  0]LogD3D11RHI: GPU Timing Frequency: 1000.000000 (Debug: 2 2)
[2017.03.22-12.20.09:728][  0]LogShaderCompilers: Guid format shader working directory is 11 characters bigger than the processId version (F:/AT/firePropagation2/FirePropagation/Intermediate/Shaders/WorkingDirectory/6916/).
[2017.03.22-12.20.09:728][  0]LogShaderCompilers: Cleaned the shader compiler working directory 'C:/Users/ac2-pitt/AppData/Local/Temp/UnrealShaderWorkingDir/81BC0B90457D6ABE6CDF7C9A4B02CC3A/'.
[2017.03.22-12.20.09:728][  0]LogShaderCompilers:Display: Using Local Shader Compiler.
[2017.03.22-12.20.10:347][  0]LogTemp:Display: Loaded TP AllDesktopTargetPlatform
[2017.03.22-12.20.10:360][  0]LogTemp:Display: Loaded TP WindowsClientTargetPlatform
[2017.03.22-12.20.10:372][  0]LogTemp:Display: Loaded TP WindowsNoEditorTargetPlatform
[2017.03.22-12.20.10:384][  0]LogTemp:Display: Loaded TP WindowsServerTargetPlatform
[2017.03.22-12.20.10:397][  0]LogTemp:Display: Loaded TP WindowsTargetPlatform
[2017.03.22-12.20.10:407][  0]LogTemp:Display: Loaded TP AndroidTargetPlatform
[2017.03.22-12.20.10:417][  0]LogTemp:Display: Loaded TP Android_ASTCTargetPlatform
[2017.03.22-12.20.10:427][  0]LogTemp:Display: Loaded TP Android_ATCTargetPlatform
[2017.03.22-12.20.10:437][  0]LogTemp:Display: Loaded TP Android_DXTTargetPlatform
[2017.03.22-12.20.10:446][  0]LogTemp:Display: Loaded TP Android_ETC1TargetPlatform
[2017.03.22-12.20.10:455][  0]LogTemp:Display: Loaded TP Android_ETC2TargetPlatform
[2017.03.22-12.20.10:473][  0]LogTemp:Display: Loaded TP Android_MultiTargetPlatform
[2017.03.22-12.20.10:473][  0]LogTemp:Display: Loaded TP Android_PVRTCTargetPlatform
[2017.03.22-12.20.10:474][  0]LogTemp:Display: Loaded TP HTML5TargetPlatform
[2017.03.22-12.20.10:496][  0]LogTemp:Display: Loaded TP IOSTargetPlatform
[2017.03.22-12.20.10:505][  0]LogTemp:Display: Loaded TP TVOSTargetPlatform
[2017.03.22-12.20.10:515][  0]LogTemp:Display: Loaded TP LinuxNoEditorTargetPlatform
[2017.03.22-12.20.10:526][  0]LogTemp:Display: Loaded TP LinuxServerTargetPlatform
[2017.03.22-12.20.10:535][  0]LogTemp:Display: Loaded TP LinuxTargetPlatform
[2017.03.22-12.20.10:535][  0]LogTargetPlatformManager:Display: Building Assets For Windows
[2017.03.22-12.20.10:615][  0]LogDerivedDataCache:Display: Max Cache Size: 512 MB
[2017.03.22-12.20.10:615][  0]LogDerivedDataCache:Display: Starting with empty Boot cache
[2017.03.22-12.20.10:615][  0]LogDerivedDataCache: FDerivedDataBackendGraph:  Pak pak cache file F:/AT/firePropagation2/FirePropagation/DerivedDataCache/DDC.ddp not found, will not use a pak cache.
[2017.03.22-12.20.10:615][  0]LogDerivedDataCache: Unable to find inner node Pak for hierarchical cache Hierarchy.
[2017.03.22-12.20.10:615][  0]LogDerivedDataCache: FDerivedDataBackendGraph:  CompressedPak pak cache file F:/AT/firePropagation2/FirePropagation/DerivedDataCache/Compressed.ddp not found, will not use a pak cache.
[2017.03.22-12.20.10:615][  0]LogDerivedDataCache: Unable to find inner node CompressedPak for hierarchical cache Hierarchy.
[2017.03.22-12.20.10:632][  0]LogDerivedDataCache:Display: Pak cache opened for reading ../../../Engine/DerivedDataCache/Compressed.ddp.
[2017.03.22-12.20.10:644][  0]LogDerivedDataCache: Using Local data cache path C:/Users/ac2-pitt/AppData/Local/UnrealEngine/Common/DerivedDataCache: Writable
[2017.03.22-12.20.10:812][  0]LogInit: Selected Device Profile: [Windows]
[2017.03.22-12.20.10:813][  0]LogTexture:Display: Building textures: S_Actor (BGRA8)
[2017.03.22-12.20.10:815][  0]LogContentStreaming: Texture pool size is 0.00 MB
[2017.03.22-12.20.10:817][  0]LogTexture:Display: Building textures: S_Emitter (BGRA8)
[2017.03.22-12.20.10:845][  0]LogTexture:Display: Building textures: AICON-Red (AutoDXT)
[2017.03.22-12.20.10:852][  0]LogTexture:Display: Building textures: AICON-Green (AutoDXT)
[2017.03.22-12.20.10:905][  0]LogTexture:Display: Building textures: DefaultTexture (DXT1)
[2017.03.22-12.20.10:922][  0]LogTexture:Display: Building textures: T_Default_Material_Grid_M (AutoDXT)
[2017.03.22-12.20.11:069][  0]LogTexture:Display: Building textures: T_Default_Material_Grid_N (BC5)
[2017.03.22-12.20.11:164][  0]LogTexture:Display: Building textures: DefaultDiffuse (AutoDXT)
[2017.03.22-12.20.11:718][  0]LogTexture:Display: Building textures: WhiteSquareTexture (AutoDXT)
[2017.03.22-12.20.11:745][  0]LogTexture:Display: Building textures: S_LevelSequence (BGRA8)
[2017.03.22-12.20.11:756][  0]LogTexture:Display: Building textures: Bad (BGRA8)
[2017.03.22-12.20.11:783][  0]LogMeshUtilities: No automatic mesh reduction module available
[2017.03.22-12.20.11:783][  0]LogMeshUtilities: No automatic mesh merging module available
[2017.03.22-12.20.11:783][  0]LogMeshUtilities: No distributed automatic mesh merging module available
[2017.03.22-12.20.11:812][  0]LogTexture:Display: Building textures: Default (BGRA8)
[2017.03.22-12.20.11:817][  0]LogTexture:Display: Building textures: VR-Basic (BGRA8)
[2017.03.22-12.20.11:840][  0]LogTexture:Display: Building textures: Grid (AutoDXT)
[2017.03.22-12.20.11:878][  0]LogTexture:Display: Building textures: DaylightAmbientCubemap (RGBA16F)
[2017.03.22-12.20.18:066][  0]LogTexture:Display: Building textures: PSysThumbnail_NoImage (AutoDXT)
[2017.03.22-12.20.18:075][  0]LogTexture:Display: Building textures: PSysThumbnail_OOD (AutoDXT)
[2017.03.22-12.20.18:082][  0]LogTexture:Display: Building textures: S_DecalActorIcon (AutoDXT)
[2017.03.22-12.20.18:127][  0]LogTexture:Display: Building textures: S_Terrain (BGRA8)
[2017.03.22-12.20.18:149][  0]LogTexture:Display: Building textures: MatineeCam_D (AutoDXT)
[2017.03.22-12.20.18:162][  0]LogTexture:Display: Building textures: flipbook (AutoDXT)
[2017.03.22-12.20.18:213][  0]LogTexture:Display: Building textures: T_EditorHelp (AutoDXT)
[2017.03.22-12.20.18:641][  0]LogTexture:Display: Building textures: S_ExpoHeightFog (BGRA8)
[2017.03.22-12.20.18:647][  0]LogTexture:Display: Building textures: S_NavP (BGRA8)
[2017.03.22-12.20.18:652][  0]LogTexture:Display: Building textures: S_Player (BGRA8)
[2017.03.22-12.20.18:659][  0]LogTexture:Display: Building textures: SkyLight (BGRA8)
[2017.03.22-12.20.18:666][  0]LogTexture:Display: Building textures: S_WindDirectional (AutoDXT)
[2017.03.22-12.20.18:693][  0]LogTexture:Display: Building textures: S_LightDirectional (BGRA8)
[2017.03.22-12.20.18:699][  0]LogTexture:Display: Building textures: S_LightDirectionalMove (BGRA8)
[2017.03.22-12.20.18:706][  0]LogTexture:Display: Building textures: S_LightPoint (BGRA8)
[2017.03.22-12.20.18:712][  0]LogTexture:Display: Building textures: S_LightPointMove (BGRA8)
[2017.03.22-12.20.18:722][  0]LogTexture:Display: Building textures: S_LightSpot (BGRA8)
[2017.03.22-12.20.18:729][  0]LogTexture:Display: Building textures: S_LightSpotMove (BGRA8)
[2017.03.22-12.20.18:735][  0]LogTexture:Display: Building textures: S_PortalActorIcon2 (AutoDXT)
[2017.03.22-12.20.18:756][  0]LogTexture:Display: Building textures: MatInstActSprite (BGRA8)
[2017.03.22-12.20.18:761][  0]LogTexture:Display: Building textures: SceneManager (BGRA8)
[2017.03.22-12.20.18:767][  0]LogTexture:Display: Building textures: S_NavLink (AutoDXT)
[2017.03.22-12.20.18:779][  0]LogTexture:Display: Building textures: S_Note (BGRA8)
[2017.03.22-12.20.18:793][  0]LogTexture:Display: Building textures: S_ReflActorIcon (AutoDXT)
[2017.03.22-12.20.18:815][  0]LogTexture:Display: Building textures: S_Thruster (BGRA8)
[2017.03.22-12.20.18:822][  0]LogTexture:Display: Building textures: S_RadForce (BGRA8)
[2017.03.22-12.20.18:826][  0]LogTexture:Display: Building textures: TargetIcon (BGRA8)
[2017.03.22-12.20.18:834][  0]LogTexture:Display: Building textures: RobotoDistanceField_PageA (G8)
[2017.03.22-12.20.18:844][  0]LogTexture:Display: Building textures: S_TextRenderActorIcon (AutoDXT)
[2017.03.22-12.20.18:859][  0]LogTexture:Display: Building textures: S_Trigger (BGRA8)
[2017.03.22-12.20.18:867][  0]LogTexture:Display: Building textures: S_VectorFieldVol (BGRA8)
[2017.03.22-12.20.18:871][  0]LogTexture:Display: Building textures: GradientTexture0 (BGRA8)
[2017.03.22-12.20.18:876][  0]LogTexture:Display: Building textures: Black (AutoDXT)
[2017.03.22-12.20.18:882][  0]LogTexture:Display: Building textures: MAT_Groups_Float (AutoDXT)
[2017.03.22-12.20.18:883][  0]LogTexture:Display: Building textures: MAT_Groups_Director (AutoDXT)
[2017.03.22-12.20.18:884][  0]LogTexture:Display: Building textures: MAT_Groups_Event (AutoDXT)
[2017.03.22-12.20.18:886][  0]LogTexture:Display: Building textures: MAT_Groups_Anim (AutoDXT)
[2017.03.22-12.20.18:887][  0]LogTexture:Display: Building textures: MAT_Groups_Fade (AutoDXT)
[2017.03.22-12.20.18:889][  0]LogTexture:Display: Building textures: MAT_Groups_Move (AutoDXT)
[2017.03.22-12.20.18:890][  0]LogTexture:Display: Building textures: MAT_Groups_Slomo (AutoDXT)
[2017.03.22-12.20.18:900][  0]LogTexture:Display: Building textures: MAT_ColorTrack (AutoDXT)
[2017.03.22-12.20.18:902][  0]LogTexture:Display: Building textures: MAT_Groups_Toggle (AutoDXT)
[2017.03.22-12.20.18:903][  0]LogTexture:Display: Building textures: MAT_Groups_AudioMaster (AutoDXT)
[2017.03.22-12.20.18:904][  0]LogTexture:Display: Building textures: MAT_Groups_Sound (AutoDXT)
[2017.03.22-12.20.18:905][  0]LogTexture:Display: Building textures: MAT_Groups_Vector (AutoDXT)
[2017.03.22-12.20.18:908][  0]LogTexture:Display: Building textures: MAT_Groups_Visibility (AutoDXT)
[2017.03.22-12.20.18:912][  0]LogTexture:Display: Building textures: DefaultTextureCube (DXT1)
[2017.03.22-12.20.19:402][  0]LogAssetRegistry: FAssetRegistry took 0.0220 seconds to start up
[2017.03.22-12.20.26:316][  0]LogPackageLocalizationCache: Processed 3 localized package path(s) for 2 prioritized culture(s) in 6.908228 seconds
[2017.03.22-12.20.26:320][  0]LogUObjectArray: 28739 objects as part of root set at end of initial load.
[2017.03.22-12.20.26:320][  0]LogUObjectAllocator: 5855632 out of 0 bytes used by permanent object pool.
[2017.03.22-12.20.26:320][  0]LogUObjectArray: CloseDisregardForGC: 0/0 objects in disregard for GC pool
[2017.03.22-12.20.26:326][  0]LogInit: WinSock: version 1.1 (2.2), MaxSocks=32767, MaxUdp=65467
[2017.03.22-12.20.26:500][  0]LogTexture:Display: Building textures: S_FTest (AutoDXT)
[2017.03.22-12.20.26:562][  0]LogTexture:Display: Building textures: VR_LaserPower_01 (AutoDXT)
[2017.03.22-12.20.26:679][  0]LogTexture:Display: Building textures: GizmoText_RobotoDistanceField_PageA (G8)
[2017.03.22-12.20.26:710][  0]LogTexture:Display: Building textures: UE4_Logo (AutoDXT)
[2017.03.22-12.20.26:816][  0]LogSlate: SlateFontCache - WITH_FREETYPE: 1, WITH_HARFBUZZ: 1
[2017.03.22-12.20.26:817][  0]LogSlate: SlateFontCache - WITH_FREETYPE: 1, WITH_HARFBUZZ: 1
[2017.03.22-12.20.27:654][  0]LogTexture:Display: Building textures: DummySpriteTexture (AutoDXT)
[2017.03.22-12.20.27:679][  0]LogUdpMessaging: Initializing bridge on interface 0.0.0.0:0 to multicast group 230.0.0.1:6666.
[2017.03.22-12.20.27:834][  0]LogTexture:Display: Building textures: MiniFont (AutoDXT)
[2017.03.22-12.20.27:961][  0]SourceControl: Info Source control is disabled
[2017.03.22-12.20.28:217][  0]SourceControl: Info Source control is disabled
[2017.03.22-12.20.28:224][  0]SourceControl: Info Source control is disabled
[2017.03.22-12.20.28:231][  0]SourceControl: Info Source control is disabled
[2017.03.22-12.20.28:415][  0]LogEngine: Initializing Engine...
[2017.03.22-12.20.28:415][  0]LogHMD: SteamVR failed to initialize.  Err: 110
[2017.03.22-12.20.28:416][  0]LogHMD: SteamVR failed to initialize.  Err: 110
[2017.03.22-12.20.28:456][  0]LogTexture:Display: Building textures: DefaultWhiteGrid (AutoDXT)
[2017.03.22-12.20.28:533][  0]LogTexture:Display: Building textures: InvalidLightmapSettings (AutoDXT)
[2017.03.22-12.20.28:568][  0]LogTexture:Display: Building textures: HeatmapGradient (BGRA8)
[2017.03.22-12.20.28:577][  0]LogTexture:Display: Building textures: PreviewShadowIndicator (BGRA8)
[2017.03.22-12.20.28:596][  0]LogTexture:Display: Building textures: BSPVertex (AutoDXT)
[2017.03.22-12.20.28:598][  0]LogTexture:Display: Building textures: Good64x64TilingNoiseHighFreq (G8)
[2017.03.22-12.20.28:599][  0]LogTexture:Display: Building textures: DefaultBokeh (BGRA8)
[2017.03.22-12.20.28:601][  0]LogTexture:Display: Building textures: PreintegratedSkinBRDF (BGRA8)
[2017.03.22-12.20.28:605][  0]LogTexture:Display: Building textures: WeightMapPlaceholderTexture (BGRA8)
[2017.03.22-12.20.28:630][  0]LogAIModule: Creating AISystem for world NewWorld
[2017.03.22-12.20.28:635][  0]LogInit: XAudio2 using 'Speakers (Realtek High Definition Audio)' : 2 channels at 48 kHz using 32 bits per sample (channel mask 0x3)
[2017.03.22-12.20.28:653][  0]LogInit: FAudioDevice initialized.
[2017.03.22-12.20.28:670][  0]LogDerivedDataCache: Saved boot cache 0.02s 62MB C:/Users/ac2-pitt/AppData/Local/UnrealEngine/4.12/DerivedDataCache/Boot.ddc.
[2017.03.22-12.20.28:674][  0]LogInit: Texture streaming: Enabled
[2017.03.22-12.20.28:699][  0]LogInit: Transaction tracking system initialized
[2017.03.22-12.20.28:725][  0]BlueprintLog: New page: Editor Load
[2017.03.22-12.20.28:825][  0]LocalizationService: Info Localization service is disabled
[2017.03.22-12.20.28:887][  0]LogConsoleResponse:Display: 
[2017.03.22-12.20.28:896][  0]LogTexture:Display: Building textures: Cross (AutoDXT)
[2017.03.22-12.20.28:911][  0]LogTexture:Display: Building textures: Tick (AutoDXT)
[2017.03.22-12.20.28:916][  0]LogTexture:Display: Building textures: WidgetGridVertexColorMaterial (AutoDXT)
[2017.03.22-12.20.28:954][  0]LogTexture:Display: Building textures: CASC_None (AutoDXT)
[2017.03.22-12.20.28:954][  0]LogTexture:Display: Building textures: CASC_Cross (AutoDXT)
[2017.03.22-12.20.28:961][  0]LogTexture:Display: Building textures: Texture2D_28 (AutoDXT)
[2017.03.22-12.20.28:968][  0]LogTexture:Display: Building textures: S_KBSJoint (BGRA8)
[2017.03.22-12.20.28:971][  0]LogTexture:Display: Building textures: S_KHinge (BGRA8)
[2017.03.22-12.20.28:974][  0]LogTexture:Display: Building textures: S_KPrismatic (BGRA8)
[2017.03.22-12.20.28:978][  0]LogTexture:Display: Building textures: S_LightError (BGRA8)
[2017.03.22-12.20.28:984][  0]LogTexture:Display: Building textures: T_Loft_Spline (AutoDXT)
[2017.03.22-12.20.29:024][  0]LogTexture:Display: Building textures: DefaultNormal (BC5)
[2017.03.22-12.20.29:099][  0]LogTexture:Display: Building textures: Grid_N (BC5)
[2017.03.22-12.20.29:121][  0]LogTexture:Display: Building textures: PaperDiffuse (AutoDXT)
[2017.03.22-12.20.29:217][  0]LogTexture:Display: Building textures: PaperNormal (BC5)
[2017.03.22-12.20.29:236][  0]LogTexture:Display: Building textures: Texture2D_28 (AutoDXT)
[2017.03.22-12.20.29:243][  0]LogTexture:Display: Building textures: Texture2D_29 (AutoDXT)
[2017.03.22-12.20.29:248][  0]LogTexture:Display: Building textures: StreamingPauseIcon (AutoDXT)
[2017.03.22-12.20.29:252][  0]LogCook:Display: Max memory allowance for cook 8192mb
[2017.03.22-12.20.29:252][  0]LogCook:Display: Mobile HDR setting 1
[2017.03.22-12.20.29:308][  0]LogTexture:Display: Building textures: Countdown (AutoDXT)
[2017.03.22-12.20.29:313][  0]LogTexture:Display: Building textures: RecordingIndicator (AutoDXT)
[2017.03.22-12.20.29:344][  0]LogTexture:Display: Building textures: DefaultAlphaTexture (BGRA8)
[2017.03.22-12.20.29:350][  0]SourceControl: Info Source control is disabled
[2017.03.22-12.20.29:350][  0]Cmd: MAP LOAD FILE="F:/AT/firePropagation2/FirePropagation/Content/FirstPersonBP/Maps/FirstPersonExampleMap.umap" TEMPLATE=0 SHOWPROGRESS=1 FEATURELEVEL=3
[2017.03.22-12.20.29:350][  0]LogEditorServer:Warning: Can't find file 'F:/AT/firePropagation2/FirePropagation/Content/FirstPersonBP/Maps/FirstPersonExampleMap.umap'
[2017.03.22-12.20.29:350][  0]Cmd: MAP CHECKDEP NOCLEARLOG
[2017.03.22-12.20.29:372][  0]MapCheck: Info Map check complete: 0 Error(s), 0 Warning(s), took 22.89ms to complete.
[2017.03.22-12.20.29:372][  0]LogFileHelpers: Loading map 'FirstPersonExampleMap' took 0.023
[2017.03.22-12.20.29:509][  0]LogCollectionManager: Loaded 0 collections in 0.003212 seconds
[2017.03.22-12.20.29:566][  0]LogFileCache: Scanning file cache for directory 'F:/AT/firePropagation2/FirePropagation/Saved/Collections/' took 0.01s
[2017.03.22-12.20.29:566][  0]LogFileCache: Scanning file cache for directory 'F:/AT/firePropagation2/FirePropagation/Content/Developers/ac2pitt/Collections/' took 0.01s
[2017.03.22-12.20.29:566][  0]LogFileCache: Scanning file cache for directory 'F:/AT/firePropagation2/FirePropagation/Content/Collections/' took 0.01s
[2017.03.22-12.20.29:566][  0]LogCollectionManager: Rebuilt the GUID cache for 0 collections in 0.000002 seconds
[2017.03.22-12.20.29:575][  0]LogContentBrowser: Native class hierarchy populated in 0.0070 seconds. Added 2047 classes and 369 folders.
[2017.03.22-12.20.29:581][  0]LogStats: UGameplayTagsManager::ConstructGameplayTagTree: Construct from data asset -  0.000 s
[2017.03.22-12.20.29:581][  0]LogStats: UGameplayTagsManager::ConstructGameplayTagTree: GameplayTagTreeChangedEvent.Broadcast -  0.000 s
[2017.03.22-12.20.29:583][  0]LogContentBrowser: Native class hierarchy updated for 'GameplayTags' in 0.0010 seconds. Added 12 classes and 0 folders.
[2017.03.22-12.20.29:589][  0]LogContentBrowser: Native class hierarchy updated for 'WidgetCarousel' in 0.0008 seconds. Added 0 classes and 0 folders.
[2017.03.22-12.20.29:659][  0]LogContentBrowser: Native class hierarchy updated for 'AddContentDialog' in 0.0007 seconds. Added 0 classes and 0 folders.
[2017.03.22-12.20.29:665][  0]LogContentBrowser: Native class hierarchy updated for 'SceneOutliner' in 0.0009 seconds. Added 1 classes and 2 folders.
[2017.03.22-12.20.29:693][  0]LogCrashTracker: Crashtracker disabled due to settings.
[2017.03.22-12.20.29:713][  0]LogTexture:Display: Building textures: Blueprint_64x (BGRA8)
[2017.03.22-12.20.29:715][  0]LogTexture:Display: Building textures: icon_Editor_Preferences_General_40x (BGRA8)
[2017.03.22-12.20.29:717][  0]LogTexture:Display: Building textures: Paper2DSprite_TutorialIcon (BGRA8)
[2017.03.22-12.20.29:718][  0]LogTexture:Display: Building textures: icon_ShowSkeletalMeshes_40x (BGRA8)
[2017.03.22-12.20.29:720][  0]LogTexture:Display: Building textures: Landscape (BGRA8)
[2017.03.22-12.20.29:721][  0]LogTexture:Display: Building textures: Foliage (BGRA8)
[2017.03.22-12.20.29:753][  0]LogContentBrowser: Native class hierarchy updated for 'HierarchicalLODOutliner' in 0.0010 seconds. Added 1 classes and 2 folders.
[2017.03.22-12.20.29:753][  0]LogLoad: Full Startup: 22.63 seconds (BP compile: 0.01 seconds)
[2017.03.22-12.20.29:753][  0]LogExternalProfiler: Found external profiler: VSPerf
[2017.03.22-12.20.29:753][  0]LogExternalProfiler: Using external profiler: VSPerf
[2017.03.22-12.20.29:761][  0]LogOcInput: OculusInput pre-init called
[2017.03.22-12.20.29:782][  0]LogContentStreaming: Texture pool size now 1000 MB
[2017.03.22-12.20.29:798][  0]LogTexture:Display: Building textures: icon_tab_Levels_40x (BGRA8)
[2017.03.22-12.20.29:858][  0]LogTexture:Display: Building textures: LevelGrid1DStripes (BGRA8)
[2017.03.22-12.20.29:915][  0]LogRenderer: Reallocating scene render targets to support 1208x576 (Frame:2).
[2017.03.22-12.20.32:706][  1]LogAssetRegistry: Asset discovery search completed in 13.3261 seconds
[2017.03.22-12.20.32:706][  1]LogCollectionManager: Rebuilt the object cache for 0 collections in 0.000000 seconds (found 0 objects)
[2017.03.22-12.20.32:706][  1]LogCollectionManager: Fixed up redirectors for 0 collections in 0.000029 seconds (updated 0 objects)
[2017.03.22-12.20.38:068][602]LogStreaming:Warning: Failed to open ANSI TEXT file F:/AT/firePropagation2/FirePropagation/Saved/HardwareSurvey/dxdiag.txt
[2017.03.22-12.20.38:080][603]LogStreaming:Warning: Failed to open ANSI TEXT file F:/AT/firePropagation2/FirePropagation/Saved/HardwareSurvey/dxdiag.txt
[2017.03.22-12.20.38:090][604]LogStreaming:Warning: Failed to open ANSI TEXT file F:/AT/firePropagation2/FirePropagation/Saved/HardwareSurvey/dxdiag.txt
[2017.03.22-12.20.38:108][605]LogStreaming:Warning: Failed to open ANSI TEXT file F:/AT/firePropagation2/FirePropagation/Saved/HardwareSurvey/dxdiag.txt
[2017.03.22-12.20.38:122][606]LogStreaming:Warning: Failed to open ANSI TEXT file F:/AT/firePropagation2/FirePropagation/Saved/HardwareSurvey/dxdiag.txt
[2017.03.22-12.20.38:133][607]LogSynthBenchmark:Display: FSynthBenchmark (V0.95):  requested WorkScale=5.00
[2017.03.22-12.20.38:133][607]LogSynthBenchmark:Display: ===============
[2017.03.22-12.20.38:133][607]LogSynthBenchmark:Display: Main Processor:
[2017.03.22-12.20.38:322][607]LogSynthBenchmark:Display:          ... 0.018901 s/Run 'RayIntersect'
[2017.03.22-12.20.38:322][607]LogSynthBenchmark:Display:          ... 0.018979 s/Run 'Fractal'
[2017.03.22-12.20.38:322][607]LogSynthBenchmark:Display: 
[2017.03.22-12.20.38:322][607]LogSynthBenchmark:Display:   CompiledTarget_x_Bits: 64
[2017.03.22-12.20.38:322][607]LogSynthBenchmark:Display:   UE_BUILD_SHIPPING: 0
[2017.03.22-12.20.38:322][607]LogSynthBenchmark:Display:   UE_BUILD_TEST: 0
[2017.03.22-12.20.38:322][607]LogSynthBenchmark:Display:   UE_BUILD_DEBUG: 0
[2017.03.22-12.20.38:322][607]LogSynthBenchmark:Display:   TotalPhysicalGBRam: 32
[2017.03.22-12.20.38:322][607]LogSynthBenchmark:Display:   NumberOfCores (physical): 4
[2017.03.22-12.20.38:322][607]LogSynthBenchmark:Display:   NumberOfCores (logical): 8
[2017.03.22-12.20.38:322][607]LogSynthBenchmark:Display:   CPU Perf Index 0: 135.5 (weight 1.00)
[2017.03.22-12.20.38:322][607]LogSynthBenchmark:Display:   CPU Perf Index 1: 150.7 (weight 1.50)
[2017.03.22-12.20.38:322][607]LogSynthBenchmark:Display:  
[2017.03.22-12.20.38:322][607]LogSynthBenchmark:Display: Graphics:
[2017.03.22-12.20.38:322][607]LogSynthBenchmark:Display:   Adapter Name: 'NVIDIA GeForce GTX 1060 6GB'
[2017.03.22-12.20.38:322][607]LogSynthBenchmark:Display:   (On Optimus the name might be wrong, memory should be ok)
[2017.03.22-12.20.38:322][607]LogSynthBenchmark:Display:   Vendor Id: 0x10de
[2017.03.22-12.20.38:322][607]LogSynthBenchmark:Display:   Device Id: 0x1c03
[2017.03.22-12.20.38:322][607]LogSynthBenchmark:Display:   GPU Memory: 5982/0/16325 MB
[2017.03.22-12.20.38:330][607]LogSynthBenchmark:Display:   GPU first test: 0.00s
[2017.03.22-12.20.38:330][607]LogSynthBenchmark:Display:          ... 4.786 GigaPix/s, Confidence=100% 'ALUHeavyNoise' (likely to be very inaccurate)
[2017.03.22-12.20.38:330][607]LogSynthBenchmark:Display:          ... 4.003 GigaPix/s, Confidence=100% 'TexHeavy' (likely to be very inaccurate)
[2017.03.22-12.20.38:330][607]LogSynthBenchmark:Display:          ... 3.093 GigaPix/s, Confidence=100% 'DepTexHeavy' (likely to be very inaccurate)
[2017.03.22-12.20.38:330][607]LogSynthBenchmark:Display:          ... 10.816 GigaPix/s, Confidence=70% 'FillOnly' (likely to be very inaccurate)
[2017.03.22-12.20.38:330][607]LogSynthBenchmark:Display:          ... 0.880 GigaPix/s, Confidence=100% 'Bandwidth' (likely to be very inaccurate)
[2017.03.22-12.20.38:347][607]LogSynthBenchmark:Display:   GPU second test: 0.01s
[2017.03.22-12.20.38:347][607]LogSynthBenchmark:Display:          ... 8.640 GigaPix/s, Confidence=100% 'ALUHeavyNoise' (likely to be inaccurate)
[2017.03.22-12.20.38:347][607]LogSynthBenchmark:Display:          ... 6.680 GigaPix/s, Confidence=100% 'TexHeavy' (likely to be inaccurate)
[2017.03.22-12.20.38:347][607]LogSynthBenchmark:Display:          ... 5.931 GigaPix/s, Confidence=100% 'DepTexHeavy' (likely to be inaccurate)
[2017.03.22-12.20.38:347][607]LogSynthBenchmark:Display:          ... 31.147 GigaPix/s, Confidence=100% 'FillOnly' (likely to be inaccurate)
[2017.03.22-12.20.38:347][607]LogSynthBenchmark:Display:          ... 1.020 GigaPix/s, Confidence=100% 'Bandwidth' (likely to be inaccurate)
[2017.03.22-12.20.38:866][607]LogSynthBenchmark:Display:   GPU third test: 0.50s
[2017.03.22-12.20.38:866][607]LogSynthBenchmark:Display:          ... 10.504 GigaPix/s, Confidence=100% 'ALUHeavyNoise'
[2017.03.22-12.20.38:866][607]LogSynthBenchmark:Display:          ... 8.070 GigaPix/s, Confidence=100% 'TexHeavy'
[2017.03.22-12.20.38:866][607]LogSynthBenchmark:Display:          ... 7.577 GigaPix/s, Confidence=100% 'DepTexHeavy'
[2017.03.22-12.20.38:866][607]LogSynthBenchmark:Display:          ... 48.110 GigaPix/s, Confidence=100% 'FillOnly'
[2017.03.22-12.20.38:866][607]LogSynthBenchmark:Display:          ... 1.163 GigaPix/s, Confidence=100% 'Bandwidth'
[2017.03.22-12.20.38:866][607]LogSynthBenchmark:Display: 
[2017.03.22-12.20.38:866][607]LogSynthBenchmark:Display:   GPU Perf Index 0: 228.3 (weight 1.00)
[2017.03.22-12.20.38:866][607]LogSynthBenchmark:Display:   GPU Perf Index 1: 108.4 (weight 0.10)
[2017.03.22-12.20.38:866][607]LogSynthBenchmark:Display:   GPU Perf Index 2: 197.0 (weight 0.10)
[2017.03.22-12.20.38:866][607]LogSynthBenchmark:Display:   GPU Perf Index 3: 188.9 (weight 3.00)
[2017.03.22-12.20.38:866][607]LogSynthBenchmark:Display:   GPU Perf Index 4: 108.5 (weight 1.00)
[2017.03.22-12.20.38:866][607]LogSynthBenchmark:Display:   CPUIndex: 144.6
[2017.03.22-12.20.38:866][607]LogSynthBenchmark:Display:   GPUIndex: 179.6
[2017.03.22-12.20.38:866][607]LogSynthBenchmark:Display: 
[2017.03.22-12.20.38:866][607]LogSynthBenchmark:Display:          ... Total Time: 0.733035 sec
[2017.03.22-12.20.38:868][607]LogWindows:Warning: FWindowsPlatformSurvey::TickSurveyHardware() WinSAT assessment unavailable. Unable to examine some hardware metrics. Run the Windows Experience Index Assessment.
[2017.03.22-12.20.56:744][621]LogTexture:Display: Building textures: T_Sky_Clouds_M (BGRA8)
[2017.03.22-12.20.57:179][621]LogTexture:Display: Building textures: T_Sky_Blue (AutoDXT)
[2017.03.22-12.20.57:774][621]LogTexture:Display: Building textures: T_Sky_Stars (AutoDXT)
[2017.03.22-12.20.57:792][621]LogStaticMesh: Building static mesh tree_bare...
[2017.03.22-12.20.57:793][621]LogStaticMesh: Built static mesh [0.00s] /Game/FirstPerson/Meshes/tree_bare.tree_bare
[2017.03.22-12.20.57:795][621]LogStaticMesh: Building static mesh tree...
[2017.03.22-12.20.57:798][621]LogStaticMesh: Built static mesh [0.00s] /Game/FirstPerson/Meshes/tree.tree
[2017.03.22-12.20.57:801][621]LogMaterial: Missing cached shader map for material leaves, compiling. 
[2017.03.22-12.20.57:845][621]LogMaterial: Missing cached shader map for material bark, compiling. 
[2017.03.22-12.20.57:913][621]LogMaterial: Missing cached shader map for material smokeMat, compiling. 
[2017.03.22-12.20.57:935][621]LogMaterial: Missing cached shader map for material fire1, compiling. 
[2017.03.22-12.20.58:380][621]LogTexture:Display: Building textures: T_ML_Rubber_Blue_01_D (AutoDXT)
[2017.03.22-12.21.00:854][621]LogTexture:Display: Building textures: T_ML_Rubber_Blue_01_N (BC5)
[2017.03.22-12.21.01:675][621]LogTexture:Display: Building textures: T_ML_Aluminum01 (AutoDXT)
[2017.03.22-12.21.03:820][621]LogTexture:Display: Building textures: UE4_LOGO_CARD (AutoDXT)
[2017.03.22-12.21.03:899][621]LogTexture:Display: Building textures: HQ_Lightmap1_1 (AutoDXT)
[2017.03.22-12.21.04:072][621]LogTexture:Display: Building textures: HQ_Lightmap2_2 (AutoDXT)
[2017.03.22-12.21.04:106][621]LogTexture:Display: Building textures: LQ_Lightmap_1_1 (DXT1)
[2017.03.22-12.21.04:242][621]LogTexture:Display: Building textures: LQ_Lightmap_1_2 (DXT1)
[2017.03.22-12.21.04:262][621]LogTexture:Display: Building textures: SkyOcclusion1_1 (AutoDXT)
[2017.03.22-12.21.04:372][621]LogTexture:Display: Building textures: SkyOcclusion1_2 (AutoDXT)
[2017.03.22-12.21.04:669][621]LogTexture:Display: Building textures: T_ML_Aluminum01_N (BC5)
[2017.03.22-12.21.05:025][621]LogTexture:Display: Building textures: UE4_Mannequin_MAT_MASKA (AutoDXT)
[2017.03.22-12.21.05:448][621]LogTexture:Display: Building textures: UE4_Mannequin__normals (BC5)
[2017.03.22-12.21.05:747][621]LogMaterial: Missing cached shader map for material fire3, compiling. 
[2017.03.22-12.21.05:767][621]LogStaticMesh: Building static mesh flame1...
[2017.03.22-12.21.05:768][621]LogStaticMesh: Built static mesh [0.00s] /Game/FirstPerson/Meshes/flame1.flame1
[2017.03.22-12.21.05:771][621]LogMaterial: Missing cached shader map for material fire0, compiling. 
[2017.03.22-12.21.05:791][621]LogMaterial: Missing cached shader map for material fire2, compiling. 
[2017.03.22-12.21.05:995][621]LogTexture:Display: Building textures: T_FPGun_N (BC5)
[2017.03.22-12.21.06:314][621]LogTexture:Display: Building textures: T_FPGun_M (AutoDXT)
[2017.03.22-12.21.07:024][621]LogTexture:Display: Building textures: T_ML_Aluminum01_N (BC5)
[2017.03.22-12.21.07:817][621]LogTexture:Display: Building textures: T_ML_Aluminum01 (AutoDXT)
[2017.03.22-12.21.10:268][621]LogTexture:Display: Building textures: T_ML_Rubber_Blue_01_N (BC5)
[2017.03.22-12.21.10:991][621]LogTexture:Display: Building textures: T_ML_Rubber_Blue_01_D (AutoDXT)
[2017.03.22-12.21.13:107][621]LogMaterial: Missing cached shader map for material fire4, compiling. 
[2017.03.22-12.21.13:126][621]LogStaticMesh: Building static mesh smoke...
[2017.03.22-12.21.13:128][621]LogStaticMesh: Built static mesh [0.00s] /Game/FirstPerson/Meshes/smoke.smoke
[2017.03.22-12.21.13:167][621]LogAIModule: Creating AISystem for world FireForest
[2017.03.22-12.21.13:175][621]LogTexture:Display: Building textures: EmptyActor (BGRA8)
[2017.03.22-12.21.13:213][621]Cmd: MAP LOAD FILE="F:/AT/firePropagation2/FirePropagation/Content/FirstPersonBP/Maps/FireForest.umap" TEMPLATE=0 SHOWPROGRESS=1 FEATURELEVEL=3
[2017.03.22-12.21.13:213][621]LightingResults: New page: Lighting Build
[2017.03.22-12.21.13:217][621]LogContentBrowser: Native class hierarchy updated for 'StatsViewer' in 0.0007 seconds. Added 5 classes and 0 folders.
[2017.03.22-12.21.13:218][621]LoadErrors: New page: Loading map: FireForest.umap
[2017.03.22-12.21.13:218][621]MapCheck: New page: Map Check
[2017.03.22-12.21.13:218][621]LightingResults: New page: Lighting Build
[2017.03.22-12.21.13:286][621]LogEditorServer: Finished looking for orphan Actors (0.000 secs)
[2017.03.22-12.21.13:353][621]Cmd: MAP CHECKDEP NOCLEARLOG
[2017.03.22-12.21.13:477][621]MapCheck: Info Map check complete: 0 Error(s), 0 Warning(s), took 122.954ms to complete.
[2017.03.22-12.21.13:477][621]LogFileHelpers: Loading map 'FireForest' took 0.265
[2017.03.22-12.21.25:156][978]LogBlueprintUserMessages: Early PlayInEditor Detection: Level '/Game/FirstPersonBP/Maps/FireForest.FireForest:PersistentLevel' has LevelScriptBlueprint '/Game/FirstPersonBP/Maps/FireForest.FireForest:PersistentLevel.FireForest' with GeneratedClass '/Game/FirstPersonBP/Maps/FireForest.FireForest_C' with ClassGeneratedBy '/Game/FirstPersonBP/Maps/FireForest.FireForest:PersistentLevel.FireForest'
[2017.03.22-12.21.25:156][978]LogPlayLevel: PlayLevel: No blueprints needed recompiling
[2017.03.22-12.21.25:157][978]PIE: New page: PIE session: FireForest (22 Mar 2017 12:21:25)
[2017.03.22-12.21.25:157][978]LogPlayLevel: Creating play world package: /Game/FirstPersonBP/Maps/UEDPIE_0_FireForest
[2017.03.22-12.21.25:159][978]LogPlayLevel: PIE: StaticDuplicateObject took: (0.002593s)
[2017.03.22-12.21.25:160][978]LogAIModule: Creating AISystem for world FireForest
[2017.03.22-12.21.25:160][978]LogPlayLevel: PIE: World Init took: (0.000552s)
[2017.03.22-12.21.25:160][978]LogPlayLevel: PIE: Created PIE world by copying editor world from /Game/FirstPersonBP/Maps/FireForest.FireForest to /Game/FirstPersonBP/Maps/UEDPIE_0_FireForest.FireForest (0.003336s)
[2017.03.22-12.21.25:167][978]LogInit: XAudio2 using 'Speakers (Realtek High Definition Audio)' : 2 channels at 48 kHz using 32 bits per sample (channel mask 0x3)
[2017.03.22-12.21.25:175][978]LogInit: FAudioDevice initialized.
[2017.03.22-12.21.25:265][978]LogTexture:Display: Building textures: FirstPersonCrosshair (AutoDXT)
[2017.03.22-12.21.25:269][978]LogWorld: Game class is 'FirstPersonGameMode_C'
[2017.03.22-12.21.25:277][978]LogWorld: Bringing World /Game/FirstPersonBP/Maps/UEDPIE_0_FireForest.FireForest up for play (max tick rate 0) at 2017.03.22-12.21.25
[2017.03.22-12.21.25:280][978]LogWorld: Bringing up level for play took: 0.008538
[2017.03.22-12.21.25:287][978]LogContentBrowser: Native class hierarchy updated for 'MovieSceneCapture' in 0.0008 seconds. Added 11 classes and 0 folders.
[2017.03.22-12.21.25:290][978]PIE: Info Play in editor start time for /Game/FirstPersonBP/Maps/UEDPIE_0_FireForest -0.156
[2017.03.22-12.21.25:290][978]LogBlueprintUserMessages: Late PlayInEditor Detection: Level '/Game/FirstPersonBP/Maps/FireForest.FireForest:PersistentLevel' has LevelScriptBlueprint '/Game/FirstPersonBP/Maps/FireForest.FireForest:PersistentLevel.FireForest' with GeneratedClass '/Game/FirstPersonBP/Maps/FireForest.FireForest_C' with ClassGeneratedBy '/Game/FirstPersonBP/Maps/FireForest.FireForest:PersistentLevel.FireForest'
[2017.03.22-12.22.41:729][376]LogBlueprintUserMessages: Early EndPlayMap Detection: Level '/Game/FirstPersonBP/Maps/FireForest.FireForest:PersistentLevel' has LevelScriptBlueprint '/Game/FirstPersonBP/Maps/FireForest.FireForest:PersistentLevel.FireForest' with GeneratedClass '/Game/FirstPersonBP/Maps/FireForest.FireForest_C' with ClassGeneratedBy '/Game/FirstPersonBP/Maps/FireForest.FireForest:PersistentLevel.FireForest'
[2017.03.22-12.22.41:764][376]LogBlueprintUserMessages: Late EndPlayMap Detection: Level '/Game/FirstPersonBP/Maps/FireForest.FireForest:PersistentLevel' has LevelScriptBlueprint '/Game/FirstPersonBP/Maps/FireForest.FireForest:PersistentLevel.FireForest' with GeneratedClass '/Game/FirstPersonBP/Maps/FireForest.FireForest_C' with ClassGeneratedBy '/Game/FirstPersonBP/Maps/FireForest.FireForest:PersistentLevel.FireForest'
[2017.03.22-12.22.51:193][466]LogContentBrowser: Native class hierarchy updated for 'BlueprintGraph' in 0.0011 seconds. Added 111 classes and 0 folders.
[2017.03.22-12.22.51:595][466]LogTexture:Display: Building textures: TilePatine_N (BC5)
[2017.03.22-12.22.51:625][466]LogTexture:Display: Building textures: TilePatine_D (AutoDXT)
[2017.03.22-12.23.42:300][ 49]LogActorComponent: UnregisterComponent: (/Engine/Transient.EditorFloorComp) Not registered. Aborting.
[2017.03.22-12.23.43:077][126]LogBlueprintUserMessages: Early PlayInEditor Detection: Level '/Game/FirstPersonBP/Maps/FireForest.FireForest:PersistentLevel' has LevelScriptBlueprint '/Game/FirstPersonBP/Maps/FireForest.FireForest:PersistentLevel.FireForest' with GeneratedClass '/Game/FirstPersonBP/Maps/FireForest.FireForest_C' with ClassGeneratedBy '/Game/FirstPersonBP/Maps/FireForest.FireForest:PersistentLevel.FireForest'
[2017.03.22-12.23.43:077][126]LogPlayLevel: PlayLevel: No blueprints needed recompiling
[2017.03.22-12.23.43:077][126]PIE: New page: PIE session: FireForest (22 Mar 2017 12:23:43)
[2017.03.22-12.23.43:077][126]LogPlayLevel: Creating play world package: /Game/FirstPersonBP/Maps/UEDPIE_0_FireForest
[2017.03.22-12.23.43:081][126]LogPlayLevel: PIE: StaticDuplicateObject took: (0.004763s)
[2017.03.22-12.23.43:082][126]LogAIModule: Creating AISystem for world FireForest
[2017.03.22-12.23.43:082][126]LogPlayLevel: PIE: World Init took: (0.000545s)
[2017.03.22-12.23.43:082][126]LogPlayLevel: PIE: Created PIE world by copying editor world from /Game/FirstPersonBP/Maps/FireForest.FireForest to /Game/FirstPersonBP/Maps/UEDPIE_0_FireForest.FireForest (0.005539s)
[2017.03.22-12.23.43:105][126]LogInit: XAudio2 using 'Speakers (Realtek High Definition Audio)' : 2 channels at 48 kHz using 32 bits per sample (channel mask 0x3)
[2017.03.22-12.23.43:112][126]LogInit: FAudioDevice initialized.
[2017.03.22-12.23.43:159][126]LogWorld: Game class is 'FirstPersonGameMode_C'
[2017.03.22-12.23.43:166][126]LogWorld: Bringing World /Game/FirstPersonBP/Maps/UEDPIE_0_FireForest.FireForest up for play (max tick rate 0) at 2017.03.22-12.23.43
[2017.03.22-12.23.43:168][126]LogWorld: Bringing up level for play took: 0.007180
[2017.03.22-12.23.43:172][126]PIE: Info Play in editor start time for /Game/FirstPersonBP/Maps/UEDPIE_0_FireForest -0.273
[2017.03.22-12.23.43:172][126]LogBlueprintUserMessages: Late PlayInEditor Detection: Level '/Game/FirstPersonBP/Maps/FireForest.FireForest:PersistentLevel' has LevelScriptBlueprint '/Game/FirstPersonBP/Maps/FireForest.FireForest:PersistentLevel.FireForest' with GeneratedClass '/Game/FirstPersonBP/Maps/FireForest.FireForest_C' with ClassGeneratedBy '/Game/FirstPersonBP/Maps/FireForest.FireForest:PersistentLevel.FireForest'
[2017.03.22-12.23.50:495][  3]LogBlueprintUserMessages: Early EndPlayMap Detection: Level '/Game/FirstPersonBP/Maps/FireForest.FireForest:PersistentLevel' has LevelScriptBlueprint '/Game/FirstPersonBP/Maps/FireForest.FireForest:PersistentLevel.FireForest' with GeneratedClass '/Game/FirstPersonBP/Maps/FireForest.FireForest_C' with ClassGeneratedBy '/Game/FirstPersonBP/Maps/FireForest.FireForest:PersistentLevel.FireForest'
[2017.03.22-12.23.50:526][  3]LogBlueprintUserMessages: Late EndPlayMap Detection: Level '/Game/FirstPersonBP/Maps/FireForest.FireForest:PersistentLevel' has LevelScriptBlueprint '/Game/FirstPersonBP/Maps/FireForest.FireForest:PersistentLevel.FireForest' with GeneratedClass '/Game/FirstPersonBP/Maps/FireForest.FireForest_C' with ClassGeneratedBy '/Game/FirstPersonBP/Maps/FireForest.FireForest:PersistentLevel.FireForest'
[2017.03.22-12.23.56:390][699]LogBlueprintUserMessages: Early PlayInEditor Detection: Level '/Game/FirstPersonBP/Maps/FireForest.FireForest:PersistentLevel' has LevelScriptBlueprint '/Game/FirstPersonBP/Maps/FireForest.FireForest:PersistentLevel.FireForest' with GeneratedClass '/Game/FirstPersonBP/Maps/FireForest.FireForest_C' with ClassGeneratedBy '/Game/FirstPersonBP/Maps/FireForest.FireForest:PersistentLevel.FireForest'
[2017.03.22-12.23.56:390][699]LogPlayLevel: PlayLevel: No blueprints needed recompiling
[2017.03.22-12.23.56:390][699]PIE: New page: PIE session: FireForest (22 Mar 2017 12:23:56)
[2017.03.22-12.23.56:390][699]LogPlayLevel: Creating play world package: /Game/FirstPersonBP/Maps/UEDPIE_0_FireForest
[2017.03.22-12.23.56:393][699]LogPlayLevel: PIE: StaticDuplicateObject took: (0.002497s)
[2017.03.22-12.23.56:393][699]LogAIModule: Creating AISystem for world FireForest
[2017.03.22-12.23.56:393][699]LogPlayLevel: PIE: World Init took: (0.000471s)
[2017.03.22-12.23.56:393][699]LogPlayLevel: PIE: Created PIE world by copying editor world from /Game/FirstPersonBP/Maps/FireForest.FireForest to /Game/FirstPersonBP/Maps/UEDPIE_0_FireForest.FireForest (0.003122s)
[2017.03.22-12.23.56:406][699]LogInit: XAudio2 using 'Speakers (Realtek High Definition Audio)' : 2 channels at 48 kHz using 32 bits per sample (channel mask 0x3)
[2017.03.22-12.23.56:414][699]LogInit: FAudioDevice initialized.
[2017.03.22-12.23.56:460][699]LogWorld: Game class is 'FirstPersonGameMode_C'
[2017.03.22-12.23.56:468][699]LogWorld: Bringing World /Game/FirstPersonBP/Maps/UEDPIE_0_FireForest.FireForest up for play (max tick rate 0) at 2017.03.22-12.23.56
[2017.03.22-12.23.56:469][699]LogWorld: Bringing up level for play took: 0.007633
[2017.03.22-12.23.56:474][699]PIE: Info Play in editor start time for /Game/FirstPersonBP/Maps/UEDPIE_0_FireForest 1.028
[2017.03.22-12.23.56:474][699]LogBlueprintUserMessages: Late PlayInEditor Detection: Level '/Game/FirstPersonBP/Maps/FireForest.FireForest:PersistentLevel' has LevelScriptBlueprint '/Game/FirstPersonBP/Maps/FireForest.FireForest:PersistentLevel.FireForest' with GeneratedClass '/Game/FirstPersonBP/Maps/FireForest.FireForest_C' with ClassGeneratedBy '/Game/FirstPersonBP/Maps/FireForest.FireForest:PersistentLevel.FireForest'
[2017.03.22-12.24.07:413][ 10]LogBlueprintUserMessages: Early EndPlayMap Detection: Level '/Game/FirstPersonBP/Maps/FireForest.FireForest:PersistentLevel' has LevelScriptBlueprint '/Game/FirstPersonBP/Maps/FireForest.FireForest:PersistentLevel.FireForest' with GeneratedClass '/Game/FirstPersonBP/Maps/FireForest.FireForest_C' with ClassGeneratedBy '/Game/FirstPersonBP/Maps/FireForest.FireForest:PersistentLevel.FireForest'
[2017.03.22-12.24.07:441][ 10]LogBlueprintUserMessages: Late EndPlayMap Detection: Level '/Game/FirstPersonBP/Maps/FireForest.FireForest:PersistentLevel' has LevelScriptBlueprint '/Game/FirstPersonBP/Maps/FireForest.FireForest:PersistentLevel.FireForest' with GeneratedClass '/Game/FirstPersonBP/Maps/FireForest.FireForest_C' with ClassGeneratedBy '/Game/FirstPersonBP/Maps/FireForest.FireForest:PersistentLevel.FireForest'
[2017.03.22-12.25.22:318][718]LogBlueprintUserMessages: Early PlayInEditor Detection: Level '/Game/FirstPersonBP/Maps/FireForest.FireForest:PersistentLevel' has LevelScriptBlueprint '/Game/FirstPersonBP/Maps/FireForest.FireForest:PersistentLevel.FireForest' with GeneratedClass '/Game/FirstPersonBP/Maps/FireForest.FireForest_C' with ClassGeneratedBy '/Game/FirstPersonBP/Maps/FireForest.FireForest:PersistentLevel.FireForest'
[2017.03.22-12.25.22:319][718]LogPlayLevel: PlayLevel: No blueprints needed recompiling
[2017.03.22-12.25.22:319][718]PIE: New page: PIE session: FireForest (22 Mar 2017 12:25:22)
[2017.03.22-12.25.22:319][718]LogPlayLevel: Creating play world package: /Game/FirstPersonBP/Maps/UEDPIE_0_FireForest
[2017.03.22-12.25.22:321][718]LogPlayLevel: PIE: StaticDuplicateObject took: (0.002325s)
[2017.03.22-12.25.22:321][718]LogAIModule: Creating AISystem for world FireForest
[2017.03.22-12.25.22:322][718]LogPlayLevel: PIE: World Init took: (0.000469s)
[2017.03.22-12.25.22:322][718]LogPlayLevel: PIE: Created PIE world by copying editor world from /Game/FirstPersonBP/Maps/FireForest.FireForest to /Game/FirstPersonBP/Maps/UEDPIE_0_FireForest.FireForest (0.002986s)
[2017.03.22-12.25.22:334][718]LogInit: XAudio2 using 'Speakers (Realtek High Definition Audio)' : 2 channels at 48 kHz using 32 bits per sample (channel mask 0x3)
[2017.03.22-12.25.22:342][718]LogInit: FAudioDevice initialized.
[2017.03.22-12.25.22:388][718]LogWorld: Game class is 'FirstPersonGameMode_C'
[2017.03.22-12.25.22:396][718]LogWorld: Bringing World /Game/FirstPersonBP/Maps/UEDPIE_0_FireForest.FireForest up for play (max tick rate 0) at 2017.03.22-12.25.22
[2017.03.22-12.25.22:397][718]LogWorld: Bringing up level for play took: 0.007243
[2017.03.22-12.25.22:401][718]PIE: Info Play in editor start time for /Game/FirstPersonBP/Maps/UEDPIE_0_FireForest 0.957
[2017.03.22-12.25.22:401][718]LogBlueprintUserMessages: Late PlayInEditor Detection: Level '/Game/FirstPersonBP/Maps/FireForest.FireForest:PersistentLevel' has LevelScriptBlueprint '/Game/FirstPersonBP/Maps/FireForest.FireForest:PersistentLevel.FireForest' with GeneratedClass '/Game/FirstPersonBP/Maps/FireForest.FireForest_C' with ClassGeneratedBy '/Game/FirstPersonBP/Maps/FireForest.FireForest:PersistentLevel.FireForest'
[2017.03.22-12.25.47:137][304]LogBlueprintUserMessages: Early EndPlayMap Detection: Level '/Game/FirstPersonBP/Maps/FireForest.FireForest:PersistentLevel' has LevelScriptBlueprint '/Game/FirstPersonBP/Maps/FireForest.FireForest:PersistentLevel.FireForest' with GeneratedClass '/Game/FirstPersonBP/Maps/FireForest.FireForest_C' with ClassGeneratedBy '/Game/FirstPersonBP/Maps/FireForest.FireForest:PersistentLevel.FireForest'
[2017.03.22-12.25.47:174][304]LogBlueprintUserMessages: Late EndPlayMap Detection: Level '/Game/FirstPersonBP/Maps/FireForest.FireForest:PersistentLevel' has LevelScriptBlueprint '/Game/FirstPersonBP/Maps/FireForest.FireForest:PersistentLevel.FireForest' with GeneratedClass '/Game/FirstPersonBP/Maps/FireForest.FireForest_C' with ClassGeneratedBy '/Game/FirstPersonBP/Maps/FireForest.FireForest:PersistentLevel.FireForest'
[2017.03.22-12.25.52:317][486]LogBlueprintUserMessages: Early PlayInEditor Detection: Level '/Game/FirstPersonBP/Maps/FireForest.FireForest:PersistentLevel' has LevelScriptBlueprint '/Game/FirstPersonBP/Maps/FireForest.FireForest:PersistentLevel.FireForest' with GeneratedClass '/Game/FirstPersonBP/Maps/FireForest.FireForest_C' with ClassGeneratedBy '/Game/FirstPersonBP/Maps/FireForest.FireForest:PersistentLevel.FireForest'
[2017.03.22-12.25.52:318][486]LogPlayLevel: PlayLevel: No blueprints needed recompiling
[2017.03.22-12.25.52:318][486]PIE: New page: PIE session: FireForest (22 Mar 2017 12:25:52)
[2017.03.22-12.25.52:318][486]LogPlayLevel: Creating play world package: /Game/FirstPersonBP/Maps/UEDPIE_0_FireForest
[2017.03.22-12.25.52:320][486]LogPlayLevel: PIE: StaticDuplicateObject took: (0.002558s)
[2017.03.22-12.25.52:321][486]LogAIModule: Creating AISystem for world FireForest
[2017.03.22-12.25.52:321][486]LogPlayLevel: PIE: World Init took: (0.000457s)
[2017.03.22-12.25.52:321][486]LogPlayLevel: PIE: Created PIE world by copying editor world from /Game/FirstPersonBP/Maps/FireForest.FireForest to /Game/FirstPersonBP/Maps/UEDPIE_0_FireForest.FireForest (0.003225s)
[2017.03.22-12.25.52:333][486]LogInit: XAudio2 using 'Speakers (Realtek High Definition Audio)' : 2 channels at 48 kHz using 32 bits per sample (channel mask 0x3)
[2017.03.22-12.25.52:340][486]LogInit: FAudioDevice initialized.
[2017.03.22-12.25.52:384][486]LogWorld: Game class is 'FirstPersonGameMode_C'
[2017.03.22-12.25.52:392][486]LogWorld: Bringing World /Game/FirstPersonBP/Maps/UEDPIE_0_FireForest.FireForest up for play (max tick rate 0) at 2017.03.22-12.25.52
[2017.03.22-12.25.52:393][486]LogWorld: Bringing up level for play took: 0.007059
[2017.03.22-12.25.52:397][486]PIE: Info Play in editor start time for /Game/FirstPersonBP/Maps/UEDPIE_0_FireForest 0.952
[2017.03.22-12.25.52:397][486]LogBlueprintUserMessages: Late PlayInEditor Detection: Level '/Game/FirstPersonBP/Maps/FireForest.FireForest:PersistentLevel' has LevelScriptBlueprint '/Game/FirstPersonBP/Maps/FireForest.FireForest:PersistentLevel.FireForest' with GeneratedClass '/Game/FirstPersonBP/Maps/FireForest.FireForest_C' with ClassGeneratedBy '/Game/FirstPersonBP/Maps/FireForest.FireForest:PersistentLevel.FireForest'
[2017.03.22-12.25.58:063][ 19]LogBlueprintUserMessages: Early EndPlayMap Detection: Level '/Game/FirstPersonBP/Maps/FireForest.FireForest:PersistentLevel' has LevelScriptBlueprint '/Game/FirstPersonBP/Maps/FireForest.FireForest:PersistentLevel.FireForest' with GeneratedClass '/Game/FirstPersonBP/Maps/FireForest.FireForest_C' with ClassGeneratedBy '/Game/FirstPersonBP/Maps/FireForest.FireForest:PersistentLevel.FireForest'
[2017.03.22-12.25.58:115][ 19]LogBlueprintUserMessages: Late EndPlayMap Detection: Level '/Game/FirstPersonBP/Maps/FireForest.FireForest:PersistentLevel' has LevelScriptBlueprint '/Game/FirstPersonBP/Maps/FireForest.FireForest:PersistentLevel.FireForest' with GeneratedClass '/Game/FirstPersonBP/Maps/FireForest.FireForest_C' with ClassGeneratedBy '/Game/FirstPersonBP/Maps/FireForest.FireForest:PersistentLevel.FireForest'
[2017.03.22-12.26.15:714][ 99]LogBlueprintUserMessages: Early PlayInEditor Detection: Level '/Game/FirstPersonBP/Maps/FireForest.FireForest:PersistentLevel' has LevelScriptBlueprint '/Game/FirstPersonBP/Maps/FireForest.FireForest:PersistentLevel.FireForest' with GeneratedClass '/Game/FirstPersonBP/Maps/FireForest.FireForest_C' with ClassGeneratedBy '/Game/FirstPersonBP/Maps/FireForest.FireForest:PersistentLevel.FireForest'
[2017.03.22-12.26.15:714][ 99]LogPlayLevel: PlayLevel: No blueprints needed recompiling
[2017.03.22-12.26.15:714][ 99]PIE: New page: PIE session: FireForest (22 Mar 2017 12:26:15)
[2017.03.22-12.26.15:715][ 99]LogPlayLevel: Creating play world package: /Game/FirstPersonBP/Maps/UEDPIE_0_FireForest
[2017.03.22-12.26.15:717][ 99]LogPlayLevel: PIE: StaticDuplicateObject took: (0.002387s)
[2017.03.22-12.26.15:717][ 99]LogAIModule: Creating AISystem for world FireForest
[2017.03.22-12.26.15:717][ 99]LogPlayLevel: PIE: World Init took: (0.000502s)
[2017.03.22-12.26.15:718][ 99]LogPlayLevel: PIE: Created PIE world by copying editor world from /Game/FirstPersonBP/Maps/FireForest.FireForest to /Game/FirstPersonBP/Maps/UEDPIE_0_FireForest.FireForest (0.003153s)
[2017.03.22-12.26.15:730][ 99]LogInit: XAudio2 using 'Speakers (Realtek High Definition Audio)' : 2 channels at 48 kHz using 32 bits per sample (channel mask 0x3)
[2017.03.22-12.26.15:737][ 99]LogInit: FAudioDevice initialized.
[2017.03.22-12.26.15:783][ 99]LogWorld: Game class is 'FirstPersonGameMode_C'
[2017.03.22-12.26.15:791][ 99]LogWorld: Bringing World /Game/FirstPersonBP/Maps/UEDPIE_0_FireForest.FireForest up for play (max tick rate 0) at 2017.03.22-12.26.15
[2017.03.22-12.26.15:792][ 99]LogWorld: Bringing up level for play took: 0.007577
[2017.03.22-12.26.15:796][ 99]PIE: Info Play in editor start time for /Game/FirstPersonBP/Maps/UEDPIE_0_FireForest 0.352
[2017.03.22-12.26.15:796][ 99]LogBlueprintUserMessages: Late PlayInEditor Detection: Level '/Game/FirstPersonBP/Maps/FireForest.FireForest:PersistentLevel' has LevelScriptBlueprint '/Game/FirstPersonBP/Maps/FireForest.FireForest:PersistentLevel.FireForest' with GeneratedClass '/Game/FirstPersonBP/Maps/FireForest.FireForest_C' with ClassGeneratedBy '/Game/FirstPersonBP/Maps/FireForest.FireForest:PersistentLevel.FireForest'
[2017.03.22-12.26.19:321][504]LogBlueprintUserMessages: Early EndPlayMap Detection: Level '/Game/FirstPersonBP/Maps/FireForest.FireForest:PersistentLevel' has LevelScriptBlueprint '/Game/FirstPersonBP/Maps/FireForest.FireForest:PersistentLevel.FireForest' with GeneratedClass '/Game/FirstPersonBP/Maps/FireForest.FireForest_C' with ClassGeneratedBy '/Game/FirstPersonBP/Maps/FireForest.FireForest:PersistentLevel.FireForest'
[2017.03.22-12.26.19:357][504]LogBlueprintUserMessages: Late EndPlayMap Detection: Level '/Game/FirstPersonBP/Maps/FireForest.FireForest:PersistentLevel' has LevelScriptBlueprint '/Game/FirstPersonBP/Maps/FireForest.FireForest:PersistentLevel.FireForest' with GeneratedClass '/Game/FirstPersonBP/Maps/FireForest.FireForest_C' with ClassGeneratedBy '/Game/FirstPersonBP/Maps/FireForest.FireForest:PersistentLevel.FireForest'
[2017.03.22-12.26.23:816][ 10]LogBlueprintUserMessages: Early PlayInEditor Detection: Level '/Game/FirstPersonBP/Maps/FireForest.FireForest:PersistentLevel' has LevelScriptBlueprint '/Game/FirstPersonBP/Maps/FireForest.FireForest:PersistentLevel.FireForest' with GeneratedClass '/Game/FirstPersonBP/Maps/FireForest.FireForest_C' with ClassGeneratedBy '/Game/FirstPersonBP/Maps/FireForest.FireForest:PersistentLevel.FireForest'
[2017.03.22-12.26.23:816][ 10]LogPlayLevel: PlayLevel: No blueprints needed recompiling
[2017.03.22-12.26.23:816][ 10]PIE: New page: PIE session: FireForest (22 Mar 2017 12:26:23)
[2017.03.22-12.26.23:816][ 10]LogPlayLevel: Creating play world package: /Game/FirstPersonBP/Maps/UEDPIE_0_FireForest
[2017.03.22-12.26.23:819][ 10]LogPlayLevel: PIE: StaticDuplicateObject took: (0.002525s)
[2017.03.22-12.26.23:819][ 10]LogAIModule: Creating AISystem for world FireForest
[2017.03.22-12.26.23:819][ 10]LogPlayLevel: PIE: World Init took: (0.000557s)
[2017.03.22-12.26.23:820][ 10]LogPlayLevel: PIE: Created PIE world by copying editor world from /Game/FirstPersonBP/Maps/FireForest.FireForest to /Game/FirstPersonBP/Maps/UEDPIE_0_FireForest.FireForest (0.003239s)
[2017.03.22-12.26.23:832][ 10]LogInit: XAudio2 using 'Speakers (Realtek High Definition Audio)' : 2 channels at 48 kHz using 32 bits per sample (channel mask 0x3)
[2017.03.22-12.26.23:840][ 10]LogInit: FAudioDevice initialized.
[2017.03.22-12.26.23:882][ 10]LogWorld: Game class is 'FirstPersonGameMode_C'
[2017.03.22-12.26.23:890][ 10]LogWorld: Bringing World /Game/FirstPersonBP/Maps/UEDPIE_0_FireForest.FireForest up for play (max tick rate 0) at 2017.03.22-12.26.23
[2017.03.22-12.26.23:891][ 10]LogWorld: Bringing up level for play took: 0.006973
[2017.03.22-12.26.23:896][ 10]PIE: Info Play in editor start time for /Game/FirstPersonBP/Maps/UEDPIE_0_FireForest 0.451
[2017.03.22-12.26.23:896][ 10]LogBlueprintUserMessages: Late PlayInEditor Detection: Level '/Game/FirstPersonBP/Maps/FireForest.FireForest:PersistentLevel' has LevelScriptBlueprint '/Game/FirstPersonBP/Maps/FireForest.FireForest:PersistentLevel.FireForest' with GeneratedClass '/Game/FirstPersonBP/Maps/FireForest.FireForest_C' with ClassGeneratedBy '/Game/FirstPersonBP/Maps/FireForest.FireForest:PersistentLevel.FireForest'
[2017.03.22-12.27.25:585][610]LogBlueprintUserMessages: Early EndPlayMap Detection: Level '/Game/FirstPersonBP/Maps/FireForest.FireForest:PersistentLevel' has LevelScriptBlueprint '/Game/FirstPersonBP/Maps/FireForest.FireForest:PersistentLevel.FireForest' with GeneratedClass '/Game/FirstPersonBP/Maps/FireForest.FireForest_C' with ClassGeneratedBy '/Game/FirstPersonBP/Maps/FireForest.FireForest:PersistentLevel.FireForest'
[2017.03.22-12.27.25:625][610]LogBlueprintUserMessages: Late EndPlayMap Detection: Level '/Game/FirstPersonBP/Maps/FireForest.FireForest:PersistentLevel' has LevelScriptBlueprint '/Game/FirstPersonBP/Maps/FireForest.FireForest:PersistentLevel.FireForest' with GeneratedClass '/Game/FirstPersonBP/Maps/FireForest.FireForest_C' with ClassGeneratedBy '/Game/FirstPersonBP/Maps/FireForest.FireForest:PersistentLevel.FireForest'
[2017.03.22-12.27.29:604][ 56]LogBlueprintUserMessages: Early PlayInEditor Detection: Level '/Game/FirstPersonBP/Maps/FireForest.FireForest:PersistentLevel' has LevelScriptBlueprint '/Game/FirstPersonBP/Maps/FireForest.FireForest:PersistentLevel.FireForest' with GeneratedClass '/Game/FirstPersonBP/Maps/FireForest.FireForest_C' with ClassGeneratedBy '/Game/FirstPersonBP/Maps/FireForest.FireForest:PersistentLevel.FireForest'
[2017.03.22-12.27.29:604][ 56]LogPlayLevel: PlayLevel: No blueprints needed recompiling
[2017.03.22-12.27.29:604][ 56]PIE: New page: PIE session: FireForest (22 Mar 2017 12:27:29)
[2017.03.22-12.27.29:604][ 56]LogPlayLevel: Creating play world package: /Game/FirstPersonBP/Maps/UEDPIE_0_FireForest
[2017.03.22-12.27.29:607][ 56]LogPlayLevel: PIE: StaticDuplicateObject took: (0.002434s)
[2017.03.22-12.27.29:607][ 56]LogAIModule: Creating AISystem for world FireForest
[2017.03.22-12.27.29:607][ 56]LogPlayLevel: PIE: World Init took: (0.000449s)
[2017.03.22-12.27.29:607][ 56]LogPlayLevel: PIE: Created PIE world by copying editor world from /Game/FirstPersonBP/Maps/FireForest.FireForest to /Game/FirstPersonBP/Maps/UEDPIE_0_FireForest.FireForest (0.003113s)
[2017.03.22-12.27.29:620][ 56]LogInit: XAudio2 using 'Speakers (Realtek High Definition Audio)' : 2 channels at 48 kHz using 32 bits per sample (channel mask 0x3)
[2017.03.22-12.27.29:627][ 56]LogInit: FAudioDevice initialized.
[2017.03.22-12.27.29:675][ 56]LogWorld: Game class is 'FirstPersonGameMode_C'
[2017.03.22-12.27.29:682][ 56]LogWorld: Bringing World /Game/FirstPersonBP/Maps/UEDPIE_0_FireForest.FireForest up for play (max tick rate 0) at 2017.03.22-12.27.29
[2017.03.22-12.27.29:684][ 56]LogWorld: Bringing up level for play took: 0.006704
[2017.03.22-12.27.29:690][ 56]PIE: Info Play in editor start time for /Game/FirstPersonBP/Maps/UEDPIE_0_FireForest 0.246
[2017.03.22-12.27.29:690][ 56]LogBlueprintUserMessages: Late PlayInEditor Detection: Level '/Game/FirstPersonBP/Maps/FireForest.FireForest:PersistentLevel' has LevelScriptBlueprint '/Game/FirstPersonBP/Maps/FireForest.FireForest:PersistentLevel.FireForest' with GeneratedClass '/Game/FirstPersonBP/Maps/FireForest.FireForest_C' with ClassGeneratedBy '/Game/FirstPersonBP/Maps/FireForest.FireForest:PersistentLevel.FireForest'
[2017.03.22-12.27.41:614][147]LogBlueprintUserMessages: Early EndPlayMap Detection: Level '/Game/FirstPersonBP/Maps/FireForest.FireForest:PersistentLevel' has LevelScriptBlueprint '/Game/FirstPersonBP/Maps/FireForest.FireForest:PersistentLevel.FireForest' with GeneratedClass '/Game/FirstPersonBP/Maps/FireForest.FireForest_C' with ClassGeneratedBy '/Game/FirstPersonBP/Maps/FireForest.FireForest:PersistentLevel.FireForest'
[2017.03.22-12.27.41:652][147]LogBlueprintUserMessages: Late EndPlayMap Detection: Level '/Game/FirstPersonBP/Maps/FireForest.FireForest:PersistentLevel' has LevelScriptBlueprint '/Game/FirstPersonBP/Maps/FireForest.FireForest:PersistentLevel.FireForest' with GeneratedClass '/Game/FirstPersonBP/Maps/FireForest.FireForest_C' with ClassGeneratedBy '/Game/FirstPersonBP/Maps/FireForest.FireForest:PersistentLevel.FireForest'
[2017.03.22-12.27.51:789][ 82]LogActorComponent: UnregisterComponent: (/Engine/Transient.EditorFloorComp) Not registered. Aborting.
[2017.03.22-12.27.55:072][413]LogBlueprintUserMessages: Early PlayInEditor Detection: Level '/Game/FirstPersonBP/Maps/FireForest.FireForest:PersistentLevel' has LevelScriptBlueprint '/Game/FirstPersonBP/Maps/FireForest.FireForest:PersistentLevel.FireForest' with GeneratedClass '/Game/FirstPersonBP/Maps/FireForest.FireForest_C' with ClassGeneratedBy '/Game/FirstPersonBP/Maps/FireForest.FireForest:PersistentLevel.FireForest'
[2017.03.22-12.27.55:072][413]BlueprintLog: New page: Pre-Play auto-recompile
[2017.03.22-12.27.55:073][413]LogPlayLevel: [PlayLevel] Compiling FireActor before play...
[2017.03.22-12.27.55:161][413]LogPlayLevel: PlayLevel: Blueprint regeneration took 87 ms (2 blueprints)
[2017.03.22-12.27.55:161][413]LogPlayLevel: [PlayLevel] Compiling FireManager before play...
[2017.03.22-12.27.55:257][413]LogPlayLevel: PlayLevel: Blueprint regeneration took 184 ms (3 blueprints)
[2017.03.22-12.27.55:258][413]LogPlayLevel: [PlayLevel] Compiling FirstPersonProjectile before play...
[2017.03.22-12.27.55:341][413]LogPlayLevel: PlayLevel: Blueprint regeneration took 268 ms (4 blueprints)
[2017.03.22-12.27.55:341][413]LogPlayLevel: [PlayLevel] Compiling FirstPersonCharacter before play...
[2017.03.22-12.27.55:416][413]LogPlayLevel: PlayLevel: Blueprint regeneration took 343 ms (4 blueprints)
[2017.03.22-12.27.55:431][413]PIE: New page: PIE session: FireForest (22 Mar 2017 12:27:55)
[2017.03.22-12.27.55:432][413]LogPlayLevel: Creating play world package: /Game/FirstPersonBP/Maps/UEDPIE_0_FireForest
[2017.03.22-12.27.55:434][413]LogPlayLevel: PIE: StaticDuplicateObject took: (0.002206s)
[2017.03.22-12.27.55:434][413]LogAIModule: Creating AISystem for world FireForest
[2017.03.22-12.27.55:434][413]LogPlayLevel: PIE: World Init took: (0.000401s)
[2017.03.22-12.27.55:434][413]LogPlayLevel: PIE: Created PIE world by copying editor world from /Game/FirstPersonBP/Maps/FireForest.FireForest to /Game/FirstPersonBP/Maps/UEDPIE_0_FireForest.FireForest (0.002833s)
[2017.03.22-12.27.55:448][413]LogInit: XAudio2 using 'Speakers (Realtek High Definition Audio)' : 2 channels at 48 kHz using 32 bits per sample (channel mask 0x3)
[2017.03.22-12.27.55:455][413]LogInit: FAudioDevice initialized.
[2017.03.22-12.27.55:503][413]LogWorld: Game class is 'FirstPersonGameMode_C'
[2017.03.22-12.27.55:511][413]LogWorld: Bringing World /Game/FirstPersonBP/Maps/UEDPIE_0_FireForest.FireForest up for play (max tick rate 0) at 2017.03.22-12.27.55
[2017.03.22-12.27.55:512][413]LogWorld: Bringing up level for play took: 0.006940
[2017.03.22-12.27.55:522][413]PIE: Info Play in editor start time for /Game/FirstPersonBP/Maps/UEDPIE_0_FireForest 0.079
[2017.03.22-12.27.55:522][413]LogBlueprintUserMessages: Late PlayInEditor Detection: Level '/Game/FirstPersonBP/Maps/FireForest.FireForest:PersistentLevel' has LevelScriptBlueprint '/Game/FirstPersonBP/Maps/FireForest.FireForest:PersistentLevel.FireForest' with GeneratedClass '/Game/FirstPersonBP/Maps/FireForest.FireForest_C' with ClassGeneratedBy '/Game/FirstPersonBP/Maps/FireForest.FireForest:PersistentLevel.FireForest'
[2017.03.22-12.28.11:645][982]LogBlueprintUserMessages: Early EndPlayMap Detection: Level '/Game/FirstPersonBP/Maps/FireForest.FireForest:PersistentLevel' has LevelScriptBlueprint '/Game/FirstPersonBP/Maps/FireForest.FireForest:PersistentLevel.FireForest' with GeneratedClass '/Game/FirstPersonBP/Maps/FireForest.FireForest_C' with ClassGeneratedBy '/Game/FirstPersonBP/Maps/FireForest.FireForest:PersistentLevel.FireForest'
[2017.03.22-12.28.11:686][982]LogBlueprintUserMessages: Late EndPlayMap Detection: Level '/Game/FirstPersonBP/Maps/FireForest.FireForest:PersistentLevel' has LevelScriptBlueprint '/Game/FirstPersonBP/Maps/FireForest.FireForest:PersistentLevel.FireForest' with GeneratedClass '/Game/FirstPersonBP/Maps/FireForest.FireForest_C' with ClassGeneratedBy '/Game/FirstPersonBP/Maps/FireForest.FireForest:PersistentLevel.FireForest'
[2017.03.22-12.28.38:867][235]Cmd: OBJ SAVEPACKAGE PACKAGE="/Game/FirstPersonBP/Maps/FireForest" FILE="F:/AT/firePropagation2/FirePropagation/Content/FirstPersonBP/Maps/FireForest.umap" SILENT=true AUTOSAVING=false KEEPDIRTY=false
[2017.03.22-12.28.42:943][235]LogSavePackage: Save=3870.40ms
[2017.03.22-12.28.42:943][235]LogSavePackage: Moving 'F:/AT/firePropagation2/FirePropagation/Saved/FireForest2A44E6AA493A9E466D69A5B4A910874A.tmp' to 'F:/AT/firePropagation2/FirePropagation/Content/FirstPersonBP/Maps/FireForest.umap'
[2017.03.22-12.28.42:981][235]LogSavePackage:Display: Finished SavePackage F:/AT/firePropagation2/FirePropagation/Content/FirstPersonBP/Maps/FireForest.umap
[2017.03.22-12.30.18:083][ 57]Cmd: OBJ SAVEPACKAGE PACKAGE="/Game/FirstPersonBP/Maps/FireForest" FILE="F:/AT/firePropagation2/FirePropagation/Content/FirstPersonBP/Maps/FireForest.umap" SILENT=true AUTOSAVING=false KEEPDIRTY=false
[2017.03.22-12.30.22:236][ 57]LogSavePackage: Save=4098.71ms
[2017.03.22-12.30.22:236][ 57]LogSavePackage: Moving 'F:/AT/firePropagation2/FirePropagation/Saved/FireForest1D017CF847EA1B0D3BC213A2CD84FEBD.tmp' to 'F:/AT/firePropagation2/FirePropagation/Content/FirstPersonBP/Maps/FireForest.umap'
[2017.03.22-12.30.22:252][ 57]LogSavePackage:Display: Finished SavePackage F:/AT/firePropagation2/FirePropagation/Content/FirstPersonBP/Maps/FireForest.umap
[2017.03.22-12.30.26:617][259]Cmd: OBJ SAVEPACKAGE PACKAGE="/Game/FirstPerson/Blueprints/FireActor" FILE="F:/AT/firePropagation2/FirePropagation/Content/FirstPerson/Blueprints/FireActor.uasset" SILENT=true
[2017.03.22-12.30.27:421][259]LogSavePackage: Save=661.08ms
[2017.03.22-12.30.27:421][259]LogSavePackage: Moving 'F:/AT/firePropagation2/FirePropagation/Saved/FireActor3D9D7A0742883FAE45C9A888C1AC9A16.tmp' to 'F:/AT/firePropagation2/FirePropagation/Content/FirstPerson/Blueprints/FireActor.uasset'
[2017.03.22-12.30.27:467][259]LogSavePackage:Display: Finished SavePackage F:/AT/firePropagation2/FirePropagation/Content/FirstPerson/Blueprints/FireActor.uasset
[2017.03.22-12.30.28:386][259]LogWindowsTextInputMethodSystem:Display: IME system now deactivated.
[2017.03.22-12.30.28:575][260]Cmd: QUIT_EDITOR
[2017.03.22-12.30.29:232][260]LogExit: Preparing to exit.
[2017.03.22-12.30.30:081][260]LogExit: Editor shut down
[2017.03.22-12.30.30:081][260]LogExit: Transaction tracking system shut down
[2017.03.22-12.30.30:205][260]LogObj: Freed 0b from 0 cluster array pools.
[2017.03.22-12.30.30:205][260]LogExit: Object subsystem successfully closed.
[2017.03.22-12.30.30:226][260]LogD3D11RHI: Shutdown
[2017.03.22-12.30.30:226][260]LogD3D11RHI: CleanupD3DDevice
[2017.03.22-12.30.30:305][260]LogD3D11RHI: ~FD3D11DynamicRHI
[2017.03.22-12.30.30:316][260]LogModuleManager: Shutting down and abandoning module ExternalImagePicker (217)
[2017.03.22-12.30.30:316][260]LogModuleManager: Shutting down and abandoning module BlueprintGraph (216)
[2017.03.22-12.30.30:316][260]LogModuleManager: Shutting down and abandoning module MovieSceneCapture (215)
[2017.03.22-12.30.30:316][260]LogModuleManager: Shutting down and abandoning module StatsViewer (214)
[2017.03.22-12.30.30:316][260]LogModuleManager: Shutting down and abandoning module SynthBenchmark (213)
[2017.03.22-12.30.30:316][260]LogModuleManager: Shutting down and abandoning module HierarchicalLODOutliner (212)
[2017.03.22-12.30.30:316][260]LogModuleManager: Shutting down and abandoning module CrashTracker (211)
[2017.03.22-12.30.30:316][260]LogModuleManager: Shutting down and abandoning module SceneOutliner (210)
[2017.03.22-12.30.30:316][260]LogModuleManager: Shutting down and abandoning module WidgetCarousel (209)
[2017.03.22-12.30.30:316][260]LogModuleManager: Shutting down and abandoning module AddContentDialog (208)
[2017.03.22-12.30.30:317][260]LogModuleManager: Shutting down and abandoning module GameplayTags (207)
[2017.03.22-12.30.30:317][260]LogModuleManager: Shutting down and abandoning module EditorWidgets (206)
[2017.03.22-12.30.30:317][260]LogModuleManager: Shutting down and abandoning module CollectionManager (205)
[2017.03.22-12.30.30:318][260]LogModuleManager: Shutting down and abandoning module FoliageEdit (204)
[2017.03.22-12.30.30:318][260]LogModuleManager: Shutting down and abandoning module LandscapeEditor (203)
[2017.03.22-12.30.30:318][260]LogModuleManager: Shutting down and abandoning module SceneDepthPickerMode (202)
[2017.03.22-12.30.30:318][260]LogModuleManager: Shutting down and abandoning module ActorPickerMode (201)
[2017.03.22-12.30.30:318][260]LogModuleManager: Shutting down and abandoning module GeometryMode (200)
[2017.03.22-12.30.30:318][260]LogModuleManager: Shutting down and abandoning module TextureAlignMode (199)
[2017.03.22-12.30.30:318][260]LogModuleManager: Shutting down and abandoning module BspMode (198)
[2017.03.22-12.30.30:318][260]LogModuleManager: Shutting down and abandoning module HardwareSurvey (197)
[2017.03.22-12.30.30:318][260]LogModuleManager: Shutting down and abandoning module SequenceRecorderSections (196)
[2017.03.22-12.30.30:318][260]LogModuleManager: Shutting down and abandoning module SequenceRecorder (195)
[2017.03.22-12.30.30:318][260]LogModuleManager: Shutting down and abandoning module AutomationWorker (194)
[2017.03.22-12.30.30:318][260]LogModuleManager: Shutting down and abandoning module MatineeToLevelSequence (193)
[2017.03.22-12.30.30:318][260]LogModuleManager: Shutting down and abandoning module PlacementMode (192)
[2017.03.22-12.30.30:318][260]LogModuleManager: Shutting down and abandoning module LevelSequenceEditor (191)
[2017.03.22-12.30.30:318][260]LogModuleManager: Shutting down and abandoning module CharacterAI (190)
[2017.03.22-12.30.30:318][260]LogModuleManager: Shutting down and abandoning module SmartSnapping (189)
[2017.03.22-12.30.30:318][260]LogModuleManager: Shutting down and abandoning module SessionServices (188)
[2017.03.22-12.30.30:318][260]LogModuleManager: Shutting down and abandoning module ViewportSnapping (187)
[2017.03.22-12.30.30:318][260]LogModuleManager: Shutting down and abandoning module LogVisualizer (186)
[2017.03.22-12.30.30:319][260]LogModuleManager: Shutting down and abandoning module GameProjectGeneration (185)
[2017.03.22-12.30.30:319][260]LogModuleManager: Shutting down and abandoning module IntroTutorials (184)
[2017.03.22-12.30.30:319][260]LogModuleManager: Shutting down and abandoning module EditorLiveStreaming (183)
[2017.03.22-12.30.30:319][260]LogModuleManager: Shutting down and abandoning module IOSPlatformEditor (182)
[2017.03.22-12.30.30:319][260]LogModuleManager: Shutting down and abandoning module HTML5PlatformEditor (181)
[2017.03.22-12.30.30:319][260]LogModuleManager: Shutting down and abandoning module AndroidDeviceDetection (180)
[2017.03.22-12.30.31:203][260]LogModuleManager: Shutting down and abandoning module AndroidPlatformEditor (179)
[2017.03.22-12.30.31:203][260]LogModuleManager: Shutting down and abandoning module IOSRuntimeSettings (178)
[2017.03.22-12.30.31:203][260]LogModuleManager: Shutting down and abandoning module AndroidRuntimeSettings (177)
[2017.03.22-12.30.31:203][260]LogModuleManager: Shutting down and abandoning module MergeActors (176)
[2017.03.22-12.30.31:203][260]LogModuleManager: Shutting down and abandoning module SizeMap (175)
[2017.03.22-12.30.31:203][260]LogModuleManager: Shutting down and abandoning module TreeMap (174)
[2017.03.22-12.30.31:203][260]LogModuleManager: Shutting down and abandoning module ReferenceViewer (173)
[2017.03.22-12.30.31:203][260]LogModuleManager: Shutting down and abandoning module LocalizationService (172)
[2017.03.22-12.30.31:203][260]LogModuleManager: Shutting down and abandoning module LocalizationDashboard (171)
[2017.03.22-12.30.31:203][260]LogModuleManager: Shutting down and abandoning module HardwareTargeting (170)
[2017.03.22-12.30.31:203][260]LogModuleManager: Shutting down and abandoning module DeviceProfileEditor (169)
[2017.03.22-12.30.31:203][260]LogModuleManager: Shutting down and abandoning module UndoHistory (168)
[2017.03.22-12.30.31:203][260]LogModuleManager: Shutting down and abandoning module UserFeedback (167)
[2017.03.22-12.30.31:203][260]LogModuleManager: Shutting down and abandoning module XmlParser (166)
[2017.03.22-12.30.31:203][260]LogModuleManager: Shutting down and abandoning module Blutility (165)
[2017.03.22-12.30.31:203][260]LogModuleManager: Shutting down and abandoning module ProjectTargetPlatformEditor (164)
[2017.03.22-12.30.31:203][260]LogModuleManager: Shutting down and abandoning module ProjectSettingsViewer (163)
[2017.03.22-12.30.31:203][260]LogModuleManager: Shutting down and abandoning module InputBindingEditor (162)
[2017.03.22-12.30.31:203][260]LogModuleManager: Shutting down and abandoning module EditorSettingsViewer (161)
[2017.03.22-12.30.31:204][260]LogModuleManager: Shutting down and abandoning module SettingsEditor (160)
[2017.03.22-12.30.31:204][260]LogModuleManager: Shutting down and abandoning module ProjectLauncher (159)
[2017.03.22-12.30.31:204][260]LogModuleManager: Shutting down and abandoning module SessionFrontend (158)
[2017.03.22-12.30.31:204][260]LogModuleManager: Shutting down and abandoning module ProfilerClient (157)
[2017.03.22-12.30.31:204][260]LogModuleManager: Shutting down and abandoning module TargetDeviceServices (156)
[2017.03.22-12.30.31:204][260]LogModuleManager: Shutting down and abandoning module DeviceManager (155)
[2017.03.22-12.30.31:258][260]LogModuleManager: Shutting down and abandoning module AutomationController (154)
[2017.03.22-12.30.31:258][260]LogModuleManager: Shutting down and abandoning module AutomationWindow (153)
[2017.03.22-12.30.31:258][260]LogModuleManager: Shutting down and abandoning module Layers (152)
[2017.03.22-12.30.31:258][260]LogModuleManager: Shutting down and abandoning module ComponentVisualizers (151)
[2017.03.22-12.30.31:258][260]LogModuleManager: Shutting down and abandoning module DetailCustomizations (150)
[2017.03.22-12.30.31:258][260]LogModuleManager: Shutting down and abandoning module PackagesDialog (149)
[2017.03.22-12.30.31:259][260]LogModuleManager: Shutting down and abandoning module Persona (148)
[2017.03.22-12.30.31:259][260]LogModuleManager: Shutting down and abandoning module Kismet (147)
[2017.03.22-12.30.31:259][260]LogModuleManager: Shutting down and abandoning module GraphEditor (146)
[2017.03.22-12.30.31:259][260]LogModuleManager: Shutting down and abandoning module ClassViewer (145)
[2017.03.22-12.30.31:259][260]LogModuleManager: Shutting down and abandoning module Toolbox (144)
[2017.03.22-12.30.31:259][260]LogModuleManager: Shutting down and abandoning module ModuleUI (143)
[2017.03.22-12.30.31:259][260]LogModuleManager: Shutting down and abandoning module MovieSceneTools (142)
[2017.03.22-12.30.31:260][260]LogModuleManager: Shutting down and abandoning module OutputLog (141)
[2017.03.22-12.30.31:260][260]LogModuleManager: Shutting down and abandoning module GammaUI (140)
[2017.03.22-12.30.31:260][260]LogModuleManager: Shutting down and abandoning module Documentation (139)
[2017.03.22-12.30.31:260][260]LogModuleManager: Shutting down and abandoning module StreamingPauseRendering (138)
[2017.03.22-12.30.31:260][260]LogModuleManager: Shutting down and abandoning module AnalyticsET (137)
[2017.03.22-12.30.31:260][260]LogModuleManager: Shutting down and abandoning module Analytics (136)
[2017.03.22-12.30.31:260][260]LogModuleManager: Shutting down and abandoning module PortalServices (135)
[2017.03.22-12.30.31:260][260]LogModuleManager: Shutting down and abandoning module PortalRpc (134)
[2017.03.22-12.30.31:260][260]LogModuleManager: Shutting down and abandoning module MessagingRpc (133)
[2017.03.22-12.30.31:260][260]LogModuleManager: Shutting down and abandoning module GameplayDebugger (132)
[2017.03.22-12.30.31:260][260]LogModuleManager: Shutting down and abandoning module AITestSuite (131)
[2017.03.22-12.30.31:260][260]LogModuleManager: Shutting down and abandoning module AIModule (130)
[2017.03.22-12.30.31:260][260]LogModuleManager: Shutting down and abandoning module ProfilerService (129)
[2017.03.22-12.30.31:275][260]LogModuleManager: Shutting down and abandoning module TaskGraph (128)
[2017.03.22-12.30.31:276][260]LogModuleManager: Shutting down and abandoning module SlateRemote (127)
[2017.03.22-12.30.31:276][260]LogModuleManager: Shutting down and abandoning module SteamVRController (126)
[2017.03.22-12.30.31:276][260]LogModuleManager: Shutting down and abandoning module SteamVR (125)
[2017.03.22-12.30.31:276][260]LogModuleManager: Shutting down and abandoning module ProceduralMeshComponent (124)
[2017.03.22-12.30.31:276][260]LogModuleManager: Shutting down and abandoning module OculusLibrary (123)
[2017.03.22-12.30.31:276][260]LogModuleManager: Shutting down and abandoning module OculusInput (122)
[2017.03.22-12.30.31:276][260]LogModuleManager: Shutting down and abandoning module CustomMeshComponent (121)
[2017.03.22-12.30.31:276][260]LogModuleManager: Shutting down and abandoning module CableComponent (120)
[2017.03.22-12.30.31:276][260]LogModuleManager: Shutting down and abandoning module ArchVisCharacter (119)
[2017.03.22-12.30.31:276][260]LogModuleManager: Shutting down and abandoning module MediaPlayerEditor (118)
[2017.03.22-12.30.31:276][260]LogModuleManager: Shutting down and abandoning module HTML5Networking (117)
[2017.03.22-12.30.31:276][260]LogModuleManager: Shutting down and abandoning module SuperSearch (116)
[2017.03.22-12.30.31:276][260]LogModuleManager: Shutting down and abandoning module SuperSearchEditor (115)
[2017.03.22-12.30.31:276][260]LogModuleManager: Shutting down and abandoning module SpeedTreeImporter (114)
[2017.03.22-12.30.31:276][260]LogModuleManager: Shutting down and abandoning module PluginBrowser (113)
[2017.03.22-12.30.31:276][260]LogModuleManager: Shutting down and abandoning module EpicSurvey (112)
[2017.03.22-12.30.31:276][260]LogModuleManager: Shutting down and abandoning module DesktopPlatform (111)
[2017.03.22-12.30.31:276][260]LogModuleManager: Shutting down and abandoning module VisualStudioSourceCodeAccess (110)
[2017.03.22-12.30.31:276][260]LogModuleManager: Shutting down and abandoning module UObjectPlugin (109)
[2017.03.22-12.30.31:276][260]LogModuleManager: Shutting down and abandoning module SubversionSourceControl (108)
[2017.03.22-12.30.31:276][260]LogModuleManager: Shutting down and abandoning module PerforceSourceControl (107)
[2017.03.22-12.30.31:276][260]LogModuleManager: Shutting down and abandoning module SourceControl (106)
[2017.03.22-12.30.31:276][260]LogModuleManager: Shutting down and abandoning module GitSourceControl (105)
[2017.03.22-12.30.31:276][260]LogModuleManager: Shutting down and abandoning module LightPropagationVolumeEditor (104)
[2017.03.22-12.30.31:276][260]LogModuleManager: Shutting down and abandoning module PaperTiledImporter (103)
[2017.03.22-12.30.31:276][260]LogModuleManager: Shutting down and abandoning module PaperSpriteSheetImporter (102)
[2017.03.22-12.30.31:276][260]LogModuleManager: Shutting down and abandoning module MeshPaint (101)
[2017.03.22-12.30.31:276][260]LogModuleManager: Shutting down and abandoning module PixelInspectorModule (100)
[2017.03.22-12.30.31:276][260]LogModuleManager: Shutting down and abandoning module HotReload (99)
[2017.03.22-12.30.31:276][260]LogModuleManager: Shutting down and abandoning module MainFrame (98)
[2017.03.22-12.30.31:276][260]LogModuleManager: Shutting down and abandoning module LevelEditor (97)
[2017.03.22-12.30.31:277][260]LogModuleManager: Shutting down and abandoning module ContentBrowser (96)
[2017.03.22-12.30.31:278][260]LogModuleManager: Shutting down and abandoning module Paper2DEditor (95)
[2017.03.22-12.30.31:278][260]LogModuleManager: Shutting down and abandoning module UdpMessaging (94)
[2017.03.22-12.30.31:378][260]LogModuleManager: Shutting down and abandoning module LightPropagationVolumeRuntime (93)
[2017.03.22-12.30.31:378][260]LogModuleManager: Shutting down and abandoning module Paper2D (92)
[2017.03.22-12.30.31:378][260]LogModuleManager: Shutting down and abandoning module WindowsMoviePlayer (91)
[2017.03.22-12.30.31:378][260]LogModuleManager: Shutting down and abandoning module Media (90)
[2017.03.22-12.30.31:378][260]LogModuleManager: Shutting down and abandoning module WmfMedia (89)
[2017.03.22-12.30.31:378][260]LogModuleManager: Shutting down and abandoning module MediaAssets (88)
[2017.03.22-12.30.31:378][260]LogModuleManager: Shutting down and abandoning module GameLiveStreaming (87)
[2017.03.22-12.30.31:378][260]LogModuleManager: Shutting down and abandoning module GameplayTagsEditor (86)
[2017.03.22-12.30.31:378][260]LogModuleManager: Shutting down and abandoning module OnlineBlueprintSupport (85)
[2017.03.22-12.30.31:378][260]LogModuleManager: Shutting down and abandoning module VREditor (84)
[2017.03.22-12.30.31:378][260]LogModuleManager: Shutting down and abandoning module GameplayTasksEditor (83)
[2017.03.22-12.30.31:378][260]LogModuleManager: Shutting down and abandoning module PropertyEditor (82)
[2017.03.22-12.30.31:378][260]LogModuleManager: Shutting down and abandoning module BehaviorTreeEditor (81)
[2017.03.22-12.30.31:378][260]LogModuleManager: Shutting down and abandoning module FunctionalTesting (80)
[2017.03.22-12.30.31:378][260]LogModuleManager: Shutting down and abandoning module CollisionAnalyzer (79)
[2017.03.22-12.30.31:378][260]LogModuleManager: Shutting down and abandoning module Sequencer (78)
[2017.03.22-12.30.31:379][260]LogModuleManager: Shutting down and abandoning module WorkspaceMenuStructure (77)
[2017.03.22-12.30.31:379][260]LogModuleManager: Shutting down and abandoning module MessageLog (76)
[2017.03.22-12.30.31:379][260]LogModuleManager: Shutting down and abandoning module AssetTools (75)
[2017.03.22-12.30.31:379][260]LogModuleManager: Shutting down and abandoning module UMGEditor (74)
[2017.03.22-12.30.31:379][260]LogModuleManager: Shutting down and abandoning module UMG (73)
[2017.03.22-12.30.31:379][260]LogModuleManager: Shutting down and abandoning module SlateReflector (72)
[2017.03.22-12.30.31:379][260]LogModuleManager: Shutting down and abandoning module Slate (71)
[2017.03.22-12.30.31:379][260]LogModuleManager: Shutting down and abandoning module EditorStyle (70)
[2017.03.22-12.30.31:381][260]LogModuleManager: Shutting down and abandoning module SourceCodeAccess (69)
[2017.03.22-12.30.31:381][260]LogModuleManager: Shutting down and abandoning module HeadMountedDisplay (68)
[2017.03.22-12.30.31:381][260]LogModuleManager: Shutting down and abandoning module XAudio2 (67)
[2017.03.22-12.30.31:381][260]LogModuleManager: Shutting down and abandoning module Networking (65)
[2017.03.22-12.30.31:381][260]LogModuleManager: Shutting down and abandoning module Core (64)
[2017.03.22-12.30.31:382][260]LogModuleManager: Shutting down and abandoning module DirectoryWatcher (63)
[2017.03.22-12.30.31:382][260]LogModuleManager: Shutting down and abandoning module AssetRegistry (62)
[2017.03.22-12.30.41:992][260]LogModuleManager: Shutting down and abandoning module KismetCompiler (61)
[2017.03.22-12.30.41:992][260]LogModuleManager: Shutting down and abandoning module PhysXFormats (60)
[2017.03.22-12.30.41:992][260]LogModuleManager: Shutting down and abandoning module MeshUtilities (59)
[2017.03.22-12.30.41:992][260]LogModuleManager: Shutting down and abandoning module DerivedDataCache (58)
[2017.03.22-12.30.42:072][260]LogDerivedDataCache: Shutdown
[2017.03.22-12.30.42:072][260]LogModuleManager: Shutting down and abandoning module VulkanShaderFormat (57)
[2017.03.22-12.30.42:072][260]LogModuleManager: Shutting down and abandoning module ShaderFormatOpenGL (56)
[2017.03.22-12.30.42:073][260]LogModuleManager: Shutting down and abandoning module ShaderFormatD3D (55)
[2017.03.22-12.30.42:073][260]LogModuleManager: Shutting down and abandoning module MetalShaderFormat (54)
[2017.03.22-12.30.42:073][260]LogModuleManager: Shutting down and abandoning module TextureFormatUncompressed (53)
[2017.03.22-12.30.42:073][260]LogModuleManager: Shutting down and abandoning module TextureFormatPVR (52)
[2017.03.22-12.30.42:073][260]LogModuleManager: Shutting down and abandoning module TextureFormatIntelISPCTexComp (51)
[2017.03.22-12.30.42:073][260]LogModuleManager: Shutting down and abandoning module TextureFormatDXT (50)
[2017.03.22-12.30.42:073][260]LogModuleManager: Shutting down and abandoning module ImageWrapper (49)
[2017.03.22-12.30.42:073][260]LogModuleManager: Shutting down and abandoning module TextureFormatASTC (48)
[2017.03.22-12.30.42:073][260]LogModuleManager: Shutting down and abandoning module TextureFormatAndroid (47)
[2017.03.22-12.30.42:073][260]LogModuleManager: Shutting down and abandoning module AudioFormatOpus (46)
[2017.03.22-12.30.42:073][260]LogModuleManager: Shutting down and abandoning module AudioFormatOgg (45)
[2017.03.22-12.30.42:073][260]LogModuleManager: Shutting down and abandoning module AudioFormatADPCM (44)
[2017.03.22-12.30.42:073][260]LogModuleManager: Shutting down and abandoning module LinuxTargetPlatform (43)
[2017.03.22-12.30.42:073][260]LogModuleManager: Shutting down and abandoning module LinuxServerTargetPlatform (42)
[2017.03.22-12.30.42:073][260]LogModuleManager: Shutting down and abandoning module LinuxNoEditorTargetPlatform (41)
[2017.03.22-12.30.42:073][260]LogModuleManager: Shutting down and abandoning module TVOSTargetPlatform (40)
[2017.03.22-12.30.42:073][260]LogModuleManager: Shutting down and abandoning module Messaging (39)
[2017.03.22-12.30.42:073][260]LogModuleManager: Shutting down and abandoning module IOSTargetPlatform (38)
[2017.03.22-12.30.42:073][260]LogModuleManager: Shutting down and abandoning module HTML5TargetPlatform (37)
[2017.03.22-12.30.42:073][260]LogModuleManager: Shutting down and abandoning module Android_PVRTCTargetPlatform (36)
[2017.03.22-12.30.42:073][260]LogModuleManager: Shutting down and abandoning module Android_MultiTargetPlatform (35)
[2017.03.22-12.30.42:073][260]LogModuleManager: Shutting down and abandoning module Android_ETC2TargetPlatform (34)
[2017.03.22-12.30.42:073][260]LogModuleManager: Shutting down and abandoning module Android_ETC1TargetPlatform (33)
[2017.03.22-12.30.42:073][260]LogModuleManager: Shutting down and abandoning module Android_DXTTargetPlatform (32)
[2017.03.22-12.30.42:073][260]LogModuleManager: Shutting down and abandoning module Android_ATCTargetPlatform (31)
[2017.03.22-12.30.42:073][260]LogModuleManager: Shutting down and abandoning module Android_ASTCTargetPlatform (30)
[2017.03.22-12.30.42:073][260]LogModuleManager: Shutting down and abandoning module AndroidTargetPlatform (29)
[2017.03.22-12.30.42:073][260]LogModuleManager: Shutting down and abandoning module WindowsTargetPlatform (28)
[2017.03.22-12.30.42:073][260]LogModuleManager: Shutting down and abandoning module WindowsServerTargetPlatform (27)
[2017.03.22-12.30.42:073][260]LogModuleManager: Shutting down and abandoning module WindowsNoEditorTargetPlatform (26)
[2017.03.22-12.30.42:073][260]LogModuleManager: Shutting down and abandoning module WindowsClientTargetPlatform (25)
[2017.03.22-12.30.42:073][260]LogModuleManager: Shutting down and abandoning module AllDesktopTargetPlatform (24)
[2017.03.22-12.30.42:073][260]LogModuleManager: Shutting down and abandoning module TargetPlatform (23)
[2017.03.22-12.30.42:073][260]LogModuleManager: Shutting down and abandoning module InputCore (22)
[2017.03.22-12.30.42:073][260]LogModuleManager: Shutting down and abandoning module Settings (21)
[2017.03.22-12.30.42:073][260]LogModuleManager: Shutting down and abandoning module OnlineSubsystem (19)
[2017.03.22-12.30.42:073][260]LogModuleManager: Shutting down and abandoning module HTTP (18)
[2017.03.22-12.30.45:081][260]LogModuleManager: Shutting down and abandoning module XMPP (17)
[2017.03.22-12.30.45:081][260]LogModuleManager: Shutting down and abandoning module OculusRift (16)
[2017.03.22-12.30.45:081][260]LogModuleManager: Shutting down and abandoning module ExampleDeviceProfileSelector (15)
[2017.03.22-12.30.45:081][260]LogModuleManager: Shutting down and abandoning module TextureCompressor (14)
[2017.03.22-12.30.45:081][260]LogModuleManager: Shutting down and abandoning module ShaderCore (13)
[2017.03.22-12.30.45:081][260]LogModuleManager: Shutting down and abandoning module Landscape (12)
[2017.03.22-12.30.45:081][260]LogModuleManager: Shutting down and abandoning module SlateRHIRenderer (11)
[2017.03.22-12.30.45:082][260]LogModuleManager: Shutting down and abandoning module OpenGLDrv (10)
[2017.03.22-12.30.45:083][260]LogModuleManager: Shutting down and abandoning module D3D11RHI (9)
[2017.03.22-12.30.45:083][260]LogModuleManager: Shutting down and abandoning module AnimGraphRuntime (8)
[2017.03.22-12.30.45:083][260]LogModuleManager: Shutting down and abandoning module Renderer (7)
[2017.03.22-12.30.45:083][260]LogModuleManager: Shutting down and abandoning module Engine (6)
[2017.03.22-12.30.45:083][260]LogModuleManager: Shutting down and abandoning module CoreUObject (5)
[2017.03.22-12.30.45:083][260]LogModuleManager: Shutting down and abandoning module NetworkFile (4)
[2017.03.22-12.30.45:083][260]LogModuleManager: Shutting down and abandoning module StreamingFile (3)
[2017.03.22-12.30.45:083][260]LogModuleManager: Shutting down and abandoning module SandboxFile (2)
[2017.03.22-12.30.45:083][260]LogModuleManager: Shutting down and abandoning module PakFile (1)
[2017.03.22-12.30.45:085][260]LogExit: Exiting.
[2017.03.22-12.30.46:023][260]Log file closed, 03/22/17 12:30:46
