Log file open, 03/22/17 12:30:31
LogInit:Display: Running engine for game: FirePropagation
LogPlatformFile: Not using cached read wrapper
LogInit:Display: RandInit(129314297) SRandInit(129314298).
LogTaskGraph: Started task graph with 4 named threads and 7 total threads with 1 sets of task threads.
LogStats: Stats thread started at 0.073688
LogInit: Version: 4.12.5-3039270+++UE4+Release-4.12
LogInit: API Version: 2992821
LogInit: Net Version: 3039270
LogDevObjectVersion: Number of dev versions registered: 13
LogDevObjectVersion:   Dev-Blueprints (B0D832E4-1F89-4F0D-ACCF-7EB736FD4AA2): 3
LogDevObjectVersion:   Dev-Build (E1C64328-A22C-4D53-A36C-8E866417BD8C): 0
LogDevObjectVersion:   Dev-Core (375EC13C-06E4-48FB-B500-84F0262A717E): 1
LogDevObjectVersion:   Dev-Editor (E4B068ED-F494-42E9-A231-DA0B2E46BB41): 2
LogDevObjectVersion:   Dev-Framework (CFFC743F-43B0-4480-9391-14DF171D2073): 6
LogDevObjectVersion:   Dev-Mobile (B02B49B5-BB20-44E9-A304-32B752E40360): 0
LogDevObjectVersion:   Dev-Networking (A4E4105C-59A1-49B5-A7C5-40C4547EDFEE): 0
LogDevObjectVersion:   Dev-Online (39C831C9-5AE6-47DC-9A44-9C173E1C8E7C): 0
LogDevObjectVersion:   Dev-Physics (78F01B33-EBEA-4F98-B9B4-84EACCB95AA2): 0
LogDevObjectVersion:   Dev-Platform (6631380F-2D4D-43E0-8009-CF276956A95A): 0
LogDevObjectVersion:   Dev-Rendering (12F88B9F-8875-4AFC-A67C-D90C383ABD29): 2
LogDevObjectVersion:   Dev-Sequencer (7B5AE74C-D270-4C10-A958-57980B212A5A): 0
LogDevObjectVersion:   Dev-VR (D7296918-1DD6-4BDD-9DE2-64A83CC13884): 0
LogInit: Compiled (64-bit): Jul  6 2016 09:09:46
LogInit: Compiled with Visual C++: 19.00.23026.00
LogInit: Build Configuration: Development
LogInit: Branch Name: ++UE4+Release-4.12
LogInit: Command line:  
LogInit: Base directory: C:/Program Files (x86)/Epic Games/4.12/Engine/Binaries/Win64/
LogInit: Installed Engine Build: 1
LogInit: Using libcurl 7.41.0
LogInit:  - built for x86_64-pc-win32
LogInit:  - supports SSL with WinSSL
LogInit:  - other features:
LogInit:      CURL_VERSION_SSL
LogInit:      CURL_VERSION_IPV6
LogInit:      CURL_VERSION_ASYNCHDNS
LogInit:      CURL_VERSION_LARGEFILE
LogInit:      CURL_VERSION_IDN
LogInit:  CurlRequestOptions (configurable via config and command line):
LogInit:  - bVerifyPeer = true  - Libcurl will verify peer certificate
LogInit:  - bUseHttpProxy = false  - Libcurl will NOT use HTTP proxy
LogInit:  - bDontReuseConnections = false  - Libcurl will reuse connections
LogInit:  - CertBundlePath = nullptr  - Libcurl will use whatever was configured at build time.
LogInit: Presizing for max 8388607 objects, including 0 objects not considered by GC, pre-allocating 0 bytes for permanent pool.
LogInit: Object subsystem initialized
[2017.03.22-12.30.31:310][  0]LogInit: Selected Device Profile: [Windows]
[2017.03.22-12.30.31:310][  0]LogInit: Applying CVar settings loaded from the selected device profile: [Windows]
[2017.03.22-12.30.31:362][  0]LogInit: Computer: STU-CZC625C1N0
[2017.03.22-12.30.31:362][  0]LogInit: User: ac2pitt
[2017.03.22-12.30.31:362][  0]LogInit: CPU Page size=65536, Cores=4
[2017.03.22-12.30.31:362][  0]LogInit: High frequency timer resolution =3.328128 MHz
[2017.03.22-12.30.31:362][  0]LogMemory: Memory total: Physical=31.9GB (32GB approx)
[2017.03.22-12.30.31:362][  0]LogMemory: Platform Memory Stats for Windows
[2017.03.22-12.30.31:362][  0]LogMemory: Process Physical Memory: 189.46 MB used, 189.46 MB peak
[2017.03.22-12.30.31:362][  0]LogMemory: Process Virtual Memory: 196.13 MB used, 196.13 MB peak
[2017.03.22-12.30.31:362][  0]LogMemory: Physical Memory: 6172.06 MB used, 32648.59 MB total
[2017.03.22-12.30.31:362][  0]LogMemory: Virtual Memory: 549.84 MB used, 134217728.00 MB total
[2017.03.22-12.30.31:395][  0]LogTextLocalizationManager: No specific translations for ('en-GB') exist, so ('en') translations will be used.
[2017.03.22-12.30.37:870][  0]LogD3D11RHI: D3D11 adapters:
[2017.03.22-12.30.37:905][  0]LogD3D11RHI:    0. 'NVIDIA GeForce GTX 1060 6GB' (Feature Level 11_0)
[2017.03.22-12.30.37:905][  0]LogD3D11RHI:       5981/0/16324 MB DedicatedVideo/DedicatedSystem/SharedSystem, Outputs:2, VendorId:0x10de
[2017.03.22-12.30.37:926][  0]LogD3D11RHI:    1. 'Intel(R) HD Graphics 530' (Feature Level 11_0)
[2017.03.22-12.30.37:926][  0]LogD3D11RHI:       128/0/3840 MB DedicatedVideo/DedicatedSystem/SharedSystem, Outputs:0, VendorId:0x8086
[2017.03.22-12.30.37:930][  0]LogD3D11RHI:    2. 'Microsoft Basic Render Driver' (Feature Level 11_0)
[2017.03.22-12.30.37:930][  0]LogD3D11RHI:       0/0/256 MB DedicatedVideo/DedicatedSystem/SharedSystem, Outputs:0, VendorId:0x1414
[2017.03.22-12.30.37:930][  0]LogD3D11RHI: Chosen D3D11 Adapter: 0
[2017.03.22-12.30.37:934][  0]LogD3D11RHI: Creating new Direct3DDevice
[2017.03.22-12.30.37:934][  0]LogD3D11RHI:     GPU DeviceId: 0x1c03 (for the marketing name, search the web for "GPU Device Id")
[2017.03.22-12.30.37:934][  0]LogWindows: EnumDisplayDevices:
[2017.03.22-12.30.37:934][  0]LogWindows:    0. 'NVIDIA GeForce GTX 1060 6GB' (P:1 D:1)
[2017.03.22-12.30.37:934][  0]LogWindows:    1. 'NVIDIA GeForce GTX 1060 6GB' (P:0 D:1)
[2017.03.22-12.30.37:934][  0]LogWindows:    2. 'NVIDIA GeForce GTX 1060 6GB' (P:0 D:0)
[2017.03.22-12.30.37:934][  0]LogWindows:    3. 'NVIDIA GeForce GTX 1060 6GB' (P:0 D:0)
[2017.03.22-12.30.37:934][  0]LogWindows:    4. 'Intel(R) HD Graphics 530' (P:0 D:0)
[2017.03.22-12.30.37:934][  0]LogWindows:    5. 'Intel(R) HD Graphics 530' (P:0 D:0)
[2017.03.22-12.30.37:935][  0]LogWindows:    6. 'Intel(R) HD Graphics 530' (P:0 D:0)
[2017.03.22-12.30.37:935][  0]LogWindows: DebugString: PrimaryIsNotTheChoosenAdapter PrimaryIsNotTheChoosenAdapter PrimaryIsNotTheChoosenAdapter FoundDriverCount:4 
[2017.03.22-12.30.37:935][  0]LogD3D11RHI:     Adapter Name: NVIDIA GeForce GTX 1060 6GB
[2017.03.22-12.30.37:935][  0]LogD3D11RHI:   Driver Version: 373.06 (internal:21.21.13.7306, unified:373.06)
[2017.03.22-12.30.37:935][  0]LogD3D11RHI:      Driver Date: 10-1-2016
[2017.03.22-12.30.37:935][  0]LogRHI: Texture pool is 1361 MB (70% of 1945 MB)
[2017.03.22-12.30.37:948][  0]LogD3D11RHI: Async texture creation enabled
[2017.03.22-12.30.37:966][  0]LogD3D11RHI: GPU Timing Frequency: 1000.000000 (Debug: 2 2)
[2017.03.22-12.30.37:966][  0]LogShaderCompilers: Guid format shader working directory is 11 characters bigger than the processId version (F:/AT/firePropagation2/FirePropagation/Intermediate/Shaders/WorkingDirectory/8632/).
[2017.03.22-12.30.37:966][  0]LogShaderCompilers: Cleaned the shader compiler working directory 'C:/Users/ac2-pitt/AppData/Local/Temp/UnrealShaderWorkingDir/825E94C24022F3E1823238B2623DABEA/'.
[2017.03.22-12.30.37:966][  0]LogShaderCompilers:Display: Using Local Shader Compiler.
[2017.03.22-12.30.41:558][  0]LogTemp:Display: Loaded TP AllDesktopTargetPlatform
[2017.03.22-12.30.41:595][  0]LogTemp:Display: Loaded TP WindowsClientTargetPlatform
[2017.03.22-12.30.41:632][  0]LogTemp:Display: Loaded TP WindowsNoEditorTargetPlatform
[2017.03.22-12.30.41:669][  0]LogTemp:Display: Loaded TP WindowsServerTargetPlatform
[2017.03.22-12.30.41:696][  0]LogTemp:Display: Loaded TP WindowsTargetPlatform
[2017.03.22-12.30.41:727][  0]LogTemp:Display: Loaded TP AndroidTargetPlatform
[2017.03.22-12.30.41:758][  0]LogTemp:Display: Loaded TP Android_ASTCTargetPlatform
[2017.03.22-12.30.41:834][  0]LogTemp:Display: Loaded TP Android_ATCTargetPlatform
[2017.03.22-12.30.41:864][  0]LogTemp:Display: Loaded TP Android_DXTTargetPlatform
[2017.03.22-12.30.41:894][  0]LogTemp:Display: Loaded TP Android_ETC1TargetPlatform
[2017.03.22-12.30.41:923][  0]LogTemp:Display: Loaded TP Android_ETC2TargetPlatform
[2017.03.22-12.30.41:991][  0]LogTemp:Display: Loaded TP Android_MultiTargetPlatform
[2017.03.22-12.30.41:991][  0]LogTemp:Display: Loaded TP Android_PVRTCTargetPlatform
[2017.03.22-12.30.41:992][  0]LogTemp:Display: Loaded TP HTML5TargetPlatform
[2017.03.22-12.30.42:014][  0]LogTemp:Display: Loaded TP IOSTargetPlatform
[2017.03.22-12.30.42:022][  0]LogTemp:Display: Loaded TP TVOSTargetPlatform
[2017.03.22-12.30.42:030][  0]LogTemp:Display: Loaded TP LinuxNoEditorTargetPlatform
[2017.03.22-12.30.42:041][  0]LogTemp:Display: Loaded TP LinuxServerTargetPlatform
[2017.03.22-12.30.42:050][  0]LogTemp:Display: Loaded TP LinuxTargetPlatform
[2017.03.22-12.30.42:050][  0]LogTargetPlatformManager:Display: Building Assets For Windows
[2017.03.22-12.30.42:399][  0]LogDerivedDataCache:Display: Max Cache Size: 512 MB
[2017.03.22-12.30.42:443][  0]LogDerivedDataCache: Loaded boot cache 0.04s 62MB C:/Users/ac2-pitt/AppData/Local/UnrealEngine/4.12/DerivedDataCache/Boot.ddc.
[2017.03.22-12.30.42:443][  0]LogDerivedDataCache:Display: Loaded Boot cache: C:/Users/ac2-pitt/AppData/Local/UnrealEngine/4.12/DerivedDataCache/Boot.ddc
[2017.03.22-12.30.42:443][  0]LogDerivedDataCache: FDerivedDataBackendGraph:  Pak pak cache file F:/AT/firePropagation2/FirePropagation/DerivedDataCache/DDC.ddp not found, will not use a pak cache.
[2017.03.22-12.30.42:443][  0]LogDerivedDataCache: Unable to find inner node Pak for hierarchical cache Hierarchy.
[2017.03.22-12.30.42:444][  0]LogDerivedDataCache: FDerivedDataBackendGraph:  CompressedPak pak cache file F:/AT/firePropagation2/FirePropagation/DerivedDataCache/Compressed.ddp not found, will not use a pak cache.
[2017.03.22-12.30.42:444][  0]LogDerivedDataCache: Unable to find inner node CompressedPak for hierarchical cache Hierarchy.
[2017.03.22-12.30.42:457][  0]LogDerivedDataCache:Display: Pak cache opened for reading ../../../Engine/DerivedDataCache/Compressed.ddp.
[2017.03.22-12.30.42:469][  0]LogDerivedDataCache: Using Local data cache path C:/Users/ac2-pitt/AppData/Local/UnrealEngine/Common/DerivedDataCache: Writable
[2017.03.22-12.30.42:595][  0]LogInit: Selected Device Profile: [Windows]
[2017.03.22-12.30.42:596][  0]LogContentStreaming: Texture pool size is 0.00 MB
[2017.03.22-12.30.42:749][  0]LogMeshUtilities: No automatic mesh reduction module available
[2017.03.22-12.30.42:750][  0]LogMeshUtilities: No automatic mesh merging module available
[2017.03.22-12.30.42:750][  0]LogMeshUtilities: No distributed automatic mesh merging module available
[2017.03.22-12.30.42:939][  0]LogAssetRegistry: FAssetRegistry took 0.0223 seconds to start up
[2017.03.22-12.30.46:023][  0]LogPackageLocalizationCache: Processed 3 localized package path(s) for 2 prioritized culture(s) in 3.082557 seconds
[2017.03.22-12.30.46:028][  0]LogUObjectArray: 28739 objects as part of root set at end of initial load.
[2017.03.22-12.30.46:028][  0]LogUObjectAllocator: 5855624 out of 0 bytes used by permanent object pool.
[2017.03.22-12.30.46:028][  0]LogUObjectArray: CloseDisregardForGC: 0/0 objects in disregard for GC pool
[2017.03.22-12.30.46:034][  0]LogInit: WinSock: version 1.1 (2.2), MaxSocks=32767, MaxUdp=65467
[2017.03.22-12.30.46:215][  0]LogSlate: SlateFontCache - WITH_FREETYPE: 1, WITH_HARFBUZZ: 1
[2017.03.22-12.30.46:216][  0]LogSlate: SlateFontCache - WITH_FREETYPE: 1, WITH_HARFBUZZ: 1
[2017.03.22-12.30.46:742][  0]LogUdpMessaging: Initializing bridge on interface 0.0.0.0:0 to multicast group 230.0.0.1:6666.
[2017.03.22-12.30.47:320][  0]SourceControl: Info Source control is disabled
[2017.03.22-12.30.47:572][  0]SourceControl: Info Source control is disabled
[2017.03.22-12.30.47:580][  0]SourceControl: Info Source control is disabled
[2017.03.22-12.30.47:586][  0]SourceControl: Info Source control is disabled
[2017.03.22-12.30.47:745][  0]LogEngine: Initializing Engine...
[2017.03.22-12.30.47:746][  0]LogHMD: SteamVR failed to initialize.  Err: 110
[2017.03.22-12.30.47:746][  0]LogHMD: SteamVR failed to initialize.  Err: 110
[2017.03.22-12.30.47:852][  0]LogAIModule: Creating AISystem for world NewWorld
[2017.03.22-12.30.47:854][  0]LogInit: XAudio2 using 'Speakers (Realtek High Definition Audio)' : 2 channels at 48 kHz using 32 bits per sample (channel mask 0x3)
[2017.03.22-12.30.47:875][  0]LogInit: FAudioDevice initialized.
[2017.03.22-12.30.47:901][  0]LogDerivedDataCache: Saved boot cache 0.03s 62MB C:/Users/ac2-pitt/AppData/Local/UnrealEngine/4.12/DerivedDataCache/Boot.ddc.
[2017.03.22-12.30.47:905][  0]LogInit: Texture streaming: Enabled
[2017.03.22-12.30.47:927][  0]LogInit: Transaction tracking system initialized
[2017.03.22-12.30.47:948][  0]BlueprintLog: New page: Editor Load
[2017.03.22-12.30.48:034][  0]LocalizationService: Info Localization service is disabled
[2017.03.22-12.30.48:086][  0]LogConsoleResponse:Display: 
[2017.03.22-12.30.48:164][  0]LogCook:Display: Max memory allowance for cook 8192mb
[2017.03.22-12.30.48:164][  0]LogCook:Display: Mobile HDR setting 1
[2017.03.22-12.30.48:310][  0]SourceControl: Info Source control is disabled
[2017.03.22-12.30.48:310][  0]Cmd: MAP LOAD FILE="F:/AT/firePropagation2/FirePropagation/Content/FirstPersonBP/Maps/FireForest.umap" TEMPLATE=0 SHOWPROGRESS=1 FEATURELEVEL=3
[2017.03.22-12.30.48:311][  0]LightingResults: New page: Lighting Build
[2017.03.22-12.30.48:314][  0]MapCheck: New page: Map Check
[2017.03.22-12.30.48:314][  0]LightingResults: New page: Lighting Build
[2017.03.22-12.30.48:737][  0]LogAIModule: Creating AISystem for world FireForest
[2017.03.22-12.30.48:745][  0]LogEditorServer: Finished looking for orphan Actors (0.000 secs)
[2017.03.22-12.30.48:745][  0]Cmd: MAP CHECKDEP NOCLEARLOG
[2017.03.22-12.30.48:792][  0]MapCheck: Info Map check complete: 0 Error(s), 0 Warning(s), took 45.33ms to complete.
[2017.03.22-12.30.48:792][  0]LogFileHelpers: Loading map 'FireForest' took 0.482
[2017.03.22-12.30.48:915][  0]LogCollectionManager: Loaded 0 collections in 0.002331 seconds
[2017.03.22-12.30.48:961][  0]LogFileCache: Scanning file cache for directory 'F:/AT/firePropagation2/FirePropagation/Saved/Collections/' took 0.01s
[2017.03.22-12.30.48:961][  0]LogFileCache: Scanning file cache for directory 'F:/AT/firePropagation2/FirePropagation/Content/Developers/ac2pitt/Collections/' took 0.01s
[2017.03.22-12.30.48:961][  0]LogFileCache: Scanning file cache for directory 'F:/AT/firePropagation2/FirePropagation/Content/Collections/' took 0.01s
[2017.03.22-12.30.48:961][  0]LogCollectionManager: Rebuilt the GUID cache for 0 collections in 0.000003 seconds
[2017.03.22-12.30.48:968][  0]LogContentBrowser: Native class hierarchy populated in 0.0071 seconds. Added 2047 classes and 369 folders.
[2017.03.22-12.30.48:972][  0]LogStats: UGameplayTagsManager::ConstructGameplayTagTree: Construct from data asset -  0.000 s
[2017.03.22-12.30.48:972][  0]LogStats: UGameplayTagsManager::ConstructGameplayTagTree: GameplayTagTreeChangedEvent.Broadcast -  0.000 s
[2017.03.22-12.30.48:973][  0]LogContentBrowser: Native class hierarchy updated for 'GameplayTags' in 0.0012 seconds. Added 12 classes and 0 folders.
[2017.03.22-12.30.48:979][  0]LogContentBrowser: Native class hierarchy updated for 'WidgetCarousel' in 0.0011 seconds. Added 0 classes and 0 folders.
[2017.03.22-12.30.49:010][  0]LogContentBrowser: Native class hierarchy updated for 'AddContentDialog' in 0.0010 seconds. Added 0 classes and 0 folders.
[2017.03.22-12.30.49:015][  0]LogContentBrowser: Native class hierarchy updated for 'SceneOutliner' in 0.0008 seconds. Added 1 classes and 2 folders.
[2017.03.22-12.30.49:025][  0]LogCrashTracker: Crashtracker disabled due to settings.
[2017.03.22-12.30.49:084][  0]LogContentBrowser: Native class hierarchy updated for 'HierarchicalLODOutliner' in 0.0013 seconds. Added 1 classes and 2 folders.
[2017.03.22-12.30.49:084][  0]LogLoad: Full Startup: 19.23 seconds (BP compile: 0.09 seconds)
[2017.03.22-12.30.49:084][  0]LogExternalProfiler: Found external profiler: VSPerf
[2017.03.22-12.30.49:084][  0]LogExternalProfiler: Using external profiler: VSPerf
[2017.03.22-12.30.49:094][  0]LogOcInput: OculusInput pre-init called
[2017.03.22-12.30.49:111][  0]LogContentStreaming: Texture pool size now 1000 MB
[2017.03.22-12.30.49:236][  0]LogRenderer: Reallocating scene render targets to support 1208x576 (Frame:2).
[2017.03.22-12.30.49:302][  1]LogAssetRegistry: Asset discovery search completed in 6.3856 seconds
[2017.03.22-12.30.49:302][  1]LogCollectionManager: Rebuilt the object cache for 0 collections in 0.000000 seconds (found 0 objects)
[2017.03.22-12.30.49:302][  1]LogCollectionManager: Fixed up redirectors for 0 collections in 0.000015 seconds (updated 0 objects)
[2017.03.22-12.31.01:034][385]LogBlueprintUserMessages: Early PlayInEditor Detection: Level '/Game/FirstPersonBP/Maps/FireForest.FireForest:PersistentLevel' has LevelScriptBlueprint '/Game/FirstPersonBP/Maps/FireForest.FireForest:PersistentLevel.FireForest' with GeneratedClass '/Game/FirstPersonBP/Maps/FireForest.FireForest_C' with ClassGeneratedBy '/Game/FirstPersonBP/Maps/FireForest.FireForest:PersistentLevel.FireForest'
[2017.03.22-12.31.01:034][385]LogPlayLevel: PlayLevel: No blueprints needed recompiling
[2017.03.22-12.31.01:035][385]PIE: New page: PIE session: FireForest (22 Mar 2017 12:31:01)
[2017.03.22-12.31.01:035][385]LogPlayLevel: Creating play world package: /Game/FirstPersonBP/Maps/UEDPIE_0_FireForest
[2017.03.22-12.31.01:038][385]LogPlayLevel: PIE: StaticDuplicateObject took: (0.002555s)
[2017.03.22-12.31.01:038][385]LogAIModule: Creating AISystem for world FireForest
[2017.03.22-12.31.01:038][385]LogPlayLevel: PIE: World Init took: (0.000484s)
[2017.03.22-12.31.01:038][385]LogPlayLevel: PIE: Created PIE world by copying editor world from /Game/FirstPersonBP/Maps/FireForest.FireForest to /Game/FirstPersonBP/Maps/UEDPIE_0_FireForest.FireForest (0.003246s)
[2017.03.22-12.31.01:055][385]LogInit: XAudio2 using 'Speakers (Realtek High Definition Audio)' : 2 channels at 48 kHz using 32 bits per sample (channel mask 0x3)
[2017.03.22-12.31.01:062][385]LogInit: FAudioDevice initialized.
[2017.03.22-12.31.01:140][385]LogWorld: Game class is 'FirstPersonGameMode_C'
[2017.03.22-12.31.01:148][385]LogWorld: Bringing World /Game/FirstPersonBP/Maps/UEDPIE_0_FireForest.FireForest up for play (max tick rate 0) at 2017.03.22-12.31.01
[2017.03.22-12.31.01:149][385]LogWorld: Bringing up level for play took: 0.006975
[2017.03.22-12.31.01:154][385]LogContentBrowser: Native class hierarchy updated for 'MovieSceneCapture' in 0.0007 seconds. Added 11 classes and 0 folders.
[2017.03.22-12.31.01:157][385]PIE: Info Play in editor start time for /Game/FirstPersonBP/Maps/UEDPIE_0_FireForest -0.285
[2017.03.22-12.31.01:157][385]LogBlueprintUserMessages: Late PlayInEditor Detection: Level '/Game/FirstPersonBP/Maps/FireForest.FireForest:PersistentLevel' has LevelScriptBlueprint '/Game/FirstPersonBP/Maps/FireForest.FireForest:PersistentLevel.FireForest' with GeneratedClass '/Game/FirstPersonBP/Maps/FireForest.FireForest_C' with ClassGeneratedBy '/Game/FirstPersonBP/Maps/FireForest.FireForest:PersistentLevel.FireForest'
[2017.03.22-12.31.41:438][688]LogBlueprintUserMessages: Early EndPlayMap Detection: Level '/Game/FirstPersonBP/Maps/FireForest.FireForest:PersistentLevel' has LevelScriptBlueprint '/Game/FirstPersonBP/Maps/FireForest.FireForest:PersistentLevel.FireForest' with GeneratedClass '/Game/FirstPersonBP/Maps/FireForest.FireForest_C' with ClassGeneratedBy '/Game/FirstPersonBP/Maps/FireForest.FireForest:PersistentLevel.FireForest'
[2017.03.22-12.31.41:470][688]LogBlueprintUserMessages: Late EndPlayMap Detection: Level '/Game/FirstPersonBP/Maps/FireForest.FireForest:PersistentLevel' has LevelScriptBlueprint '/Game/FirstPersonBP/Maps/FireForest.FireForest:PersistentLevel.FireForest' with GeneratedClass '/Game/FirstPersonBP/Maps/FireForest.FireForest_C' with ClassGeneratedBy '/Game/FirstPersonBP/Maps/FireForest.FireForest:PersistentLevel.FireForest'
[2017.03.22-12.31.58:962][740]LogContentBrowser: Native class hierarchy updated for 'BlueprintGraph' in 0.0010 seconds. Added 111 classes and 0 folders.
[2017.03.22-12.32.24:745][691]BlueprintLog: New page: Compile FirstPersonCharacter
[2017.03.22-12.32.24:972][691]BlueprintEditorCompileResults: Info [0115.12] Compile of FirstPersonCharacter successful! [in 226 ms] (/Game/FirstPersonBP/Blueprints/FirstPersonCharacter.FirstPersonCharacter)
[2017.03.22-12.32.27:019][840]LogBlueprintUserMessages: Early PlayInEditor Detection: Level '/Game/FirstPersonBP/Maps/FireForest.FireForest:PersistentLevel' has LevelScriptBlueprint '/Game/FirstPersonBP/Maps/FireForest.FireForest:PersistentLevel.FireForest' with GeneratedClass '/Game/FirstPersonBP/Maps/FireForest.FireForest_C' with ClassGeneratedBy '/Game/FirstPersonBP/Maps/FireForest.FireForest:PersistentLevel.FireForest'
[2017.03.22-12.32.27:019][840]LogPlayLevel: PlayLevel: No blueprints needed recompiling
[2017.03.22-12.32.27:019][840]PIE: New page: PIE session: FireForest (22 Mar 2017 12:32:27)
[2017.03.22-12.32.27:019][840]LogPlayLevel: Creating play world package: /Game/FirstPersonBP/Maps/UEDPIE_0_FireForest
[2017.03.22-12.32.27:021][840]LogPlayLevel: PIE: StaticDuplicateObject took: (0.002451s)
[2017.03.22-12.32.27:023][840]LogAIModule: Creating AISystem for world FireForest
[2017.03.22-12.32.27:023][840]LogPlayLevel: PIE: World Init took: (0.000645s)
[2017.03.22-12.32.27:023][840]LogPlayLevel: PIE: Created PIE world by copying editor world from /Game/FirstPersonBP/Maps/FireForest.FireForest to /Game/FirstPersonBP/Maps/UEDPIE_0_FireForest.FireForest (0.003284s)
[2017.03.22-12.32.27:036][840]LogInit: XAudio2 using 'Speakers (Realtek High Definition Audio)' : 2 channels at 48 kHz using 32 bits per sample (channel mask 0x3)
[2017.03.22-12.32.27:044][840]LogInit: FAudioDevice initialized.
[2017.03.22-12.32.27:085][840]LogWorld: Game class is 'FirstPersonGameMode_C'
[2017.03.22-12.32.27:093][840]LogWorld: Bringing World /Game/FirstPersonBP/Maps/UEDPIE_0_FireForest.FireForest up for play (max tick rate 0) at 2017.03.22-12.32.27
[2017.03.22-12.32.27:094][840]LogWorld: Bringing up level for play took: 0.006760
[2017.03.22-12.32.27:098][840]PIE: Info Play in editor start time for /Game/FirstPersonBP/Maps/UEDPIE_0_FireForest -0.343
[2017.03.22-12.32.27:098][840]LogBlueprintUserMessages: Late PlayInEditor Detection: Level '/Game/FirstPersonBP/Maps/FireForest.FireForest:PersistentLevel' has LevelScriptBlueprint '/Game/FirstPersonBP/Maps/FireForest.FireForest:PersistentLevel.FireForest' with GeneratedClass '/Game/FirstPersonBP/Maps/FireForest.FireForest_C' with ClassGeneratedBy '/Game/FirstPersonBP/Maps/FireForest.FireForest:PersistentLevel.FireForest'
[2017.03.22-12.32.31:704][316]LogBlueprintUserMessages: Early EndPlayMap Detection: Level '/Game/FirstPersonBP/Maps/FireForest.FireForest:PersistentLevel' has LevelScriptBlueprint '/Game/FirstPersonBP/Maps/FireForest.FireForest:PersistentLevel.FireForest' with GeneratedClass '/Game/FirstPersonBP/Maps/FireForest.FireForest_C' with ClassGeneratedBy '/Game/FirstPersonBP/Maps/FireForest.FireForest:PersistentLevel.FireForest'
[2017.03.22-12.32.31:746][316]LogBlueprintUserMessages: Late EndPlayMap Detection: Level '/Game/FirstPersonBP/Maps/FireForest.FireForest:PersistentLevel' has LevelScriptBlueprint '/Game/FirstPersonBP/Maps/FireForest.FireForest:PersistentLevel.FireForest' with GeneratedClass '/Game/FirstPersonBP/Maps/FireForest.FireForest_C' with ClassGeneratedBy '/Game/FirstPersonBP/Maps/FireForest.FireForest:PersistentLevel.FireForest'
[2017.03.22-12.32.36:932][814]BlueprintLog: New page: Compile FirstPersonCharacter
[2017.03.22-12.32.37:030][814]BlueprintEditorCompileResults: Info [0127.18] Compile of FirstPersonCharacter successful! [in 98 ms] (/Game/FirstPersonBP/Blueprints/FirstPersonCharacter.FirstPersonCharacter)
[2017.03.22-12.32.38:227][914]LogBlueprintUserMessages: Early PlayInEditor Detection: Level '/Game/FirstPersonBP/Maps/FireForest.FireForest:PersistentLevel' has LevelScriptBlueprint '/Game/FirstPersonBP/Maps/FireForest.FireForest:PersistentLevel.FireForest' with GeneratedClass '/Game/FirstPersonBP/Maps/FireForest.FireForest_C' with ClassGeneratedBy '/Game/FirstPersonBP/Maps/FireForest.FireForest:PersistentLevel.FireForest'
[2017.03.22-12.32.38:227][914]LogPlayLevel: PlayLevel: No blueprints needed recompiling
[2017.03.22-12.32.38:227][914]PIE: New page: PIE session: FireForest (22 Mar 2017 12:32:38)
[2017.03.22-12.32.38:227][914]LogPlayLevel: Creating play world package: /Game/FirstPersonBP/Maps/UEDPIE_0_FireForest
[2017.03.22-12.32.38:229][914]LogPlayLevel: PIE: StaticDuplicateObject took: (0.002198s)
[2017.03.22-12.32.38:230][914]LogAIModule: Creating AISystem for world FireForest
[2017.03.22-12.32.38:230][914]LogPlayLevel: PIE: World Init took: (0.000444s)
[2017.03.22-12.32.38:230][914]LogPlayLevel: PIE: Created PIE world by copying editor world from /Game/FirstPersonBP/Maps/FireForest.FireForest to /Game/FirstPersonBP/Maps/UEDPIE_0_FireForest.FireForest (0.002837s)
[2017.03.22-12.32.38:243][914]LogInit: XAudio2 using 'Speakers (Realtek High Definition Audio)' : 2 channels at 48 kHz using 32 bits per sample (channel mask 0x3)
[2017.03.22-12.32.38:250][914]LogInit: FAudioDevice initialized.
[2017.03.22-12.32.38:296][914]LogWorld: Game class is 'FirstPersonGameMode_C'
[2017.03.22-12.32.38:304][914]LogWorld: Bringing World /Game/FirstPersonBP/Maps/UEDPIE_0_FireForest.FireForest up for play (max tick rate 0) at 2017.03.22-12.32.38
[2017.03.22-12.32.38:305][914]LogWorld: Bringing up level for play took: 0.007094
[2017.03.22-12.32.38:309][914]PIE: Info Play in editor start time for /Game/FirstPersonBP/Maps/UEDPIE_0_FireForest 0.867
[2017.03.22-12.32.38:309][914]LogBlueprintUserMessages: Late PlayInEditor Detection: Level '/Game/FirstPersonBP/Maps/FireForest.FireForest:PersistentLevel' has LevelScriptBlueprint '/Game/FirstPersonBP/Maps/FireForest.FireForest:PersistentLevel.FireForest' with GeneratedClass '/Game/FirstPersonBP/Maps/FireForest.FireForest_C' with ClassGeneratedBy '/Game/FirstPersonBP/Maps/FireForest.FireForest:PersistentLevel.FireForest'
[2017.03.22-12.33.01:973][167]LogBlueprintUserMessages: Early EndPlayMap Detection: Level '/Game/FirstPersonBP/Maps/FireForest.FireForest:PersistentLevel' has LevelScriptBlueprint '/Game/FirstPersonBP/Maps/FireForest.FireForest:PersistentLevel.FireForest' with GeneratedClass '/Game/FirstPersonBP/Maps/FireForest.FireForest_C' with ClassGeneratedBy '/Game/FirstPersonBP/Maps/FireForest.FireForest:PersistentLevel.FireForest'
[2017.03.22-12.33.02:018][167]LogBlueprintUserMessages: Late EndPlayMap Detection: Level '/Game/FirstPersonBP/Maps/FireForest.FireForest:PersistentLevel' has LevelScriptBlueprint '/Game/FirstPersonBP/Maps/FireForest.FireForest:PersistentLevel.FireForest' with GeneratedClass '/Game/FirstPersonBP/Maps/FireForest.FireForest_C' with ClassGeneratedBy '/Game/FirstPersonBP/Maps/FireForest.FireForest:PersistentLevel.FireForest'
[2017.03.22-12.33.14:908][388]BlueprintLog: New page: Compile FirstPersonCharacter
[2017.03.22-12.33.15:011][388]BlueprintEditorCompileResults: Info [0165.16] Compile of FirstPersonCharacter successful! [in 101 ms] (/Game/FirstPersonBP/Blueprints/FirstPersonCharacter.FirstPersonCharacter)
[2017.03.22-12.33.16:171][492]LogBlueprintUserMessages: Early PlayInEditor Detection: Level '/Game/FirstPersonBP/Maps/FireForest.FireForest:PersistentLevel' has LevelScriptBlueprint '/Game/FirstPersonBP/Maps/FireForest.FireForest:PersistentLevel.FireForest' with GeneratedClass '/Game/FirstPersonBP/Maps/FireForest.FireForest_C' with ClassGeneratedBy '/Game/FirstPersonBP/Maps/FireForest.FireForest:PersistentLevel.FireForest'
[2017.03.22-12.33.16:171][492]LogPlayLevel: PlayLevel: No blueprints needed recompiling
[2017.03.22-12.33.16:171][492]PIE: New page: PIE session: FireForest (22 Mar 2017 12:33:16)
[2017.03.22-12.33.16:171][492]LogPlayLevel: Creating play world package: /Game/FirstPersonBP/Maps/UEDPIE_0_FireForest
[2017.03.22-12.33.16:174][492]LogPlayLevel: PIE: StaticDuplicateObject took: (0.002691s)
[2017.03.22-12.33.16:175][492]LogAIModule: Creating AISystem for world FireForest
[2017.03.22-12.33.16:175][492]LogPlayLevel: PIE: World Init took: (0.000549s)
[2017.03.22-12.33.16:175][492]LogPlayLevel: PIE: Created PIE world by copying editor world from /Game/FirstPersonBP/Maps/FireForest.FireForest to /Game/FirstPersonBP/Maps/UEDPIE_0_FireForest.FireForest (0.003425s)
[2017.03.22-12.33.16:188][492]LogInit: XAudio2 using 'Speakers (Realtek High Definition Audio)' : 2 channels at 48 kHz using 32 bits per sample (channel mask 0x3)
[2017.03.22-12.33.16:195][492]LogInit: FAudioDevice initialized.
[2017.03.22-12.33.16:239][492]LogWorld: Game class is 'FirstPersonGameMode_C'
[2017.03.22-12.33.16:247][492]LogWorld: Bringing World /Game/FirstPersonBP/Maps/UEDPIE_0_FireForest.FireForest up for play (max tick rate 0) at 2017.03.22-12.33.16
[2017.03.22-12.33.16:250][492]LogWorld: Bringing up level for play took: 0.008918
[2017.03.22-12.33.16:254][492]PIE: Info Play in editor start time for /Game/FirstPersonBP/Maps/UEDPIE_0_FireForest 0.813
[2017.03.22-12.33.16:254][492]LogBlueprintUserMessages: Late PlayInEditor Detection: Level '/Game/FirstPersonBP/Maps/FireForest.FireForest:PersistentLevel' has LevelScriptBlueprint '/Game/FirstPersonBP/Maps/FireForest.FireForest:PersistentLevel.FireForest' with GeneratedClass '/Game/FirstPersonBP/Maps/FireForest.FireForest_C' with ClassGeneratedBy '/Game/FirstPersonBP/Maps/FireForest.FireForest:PersistentLevel.FireForest'
[2017.03.22-12.33.56:051][807]LogBlueprintUserMessages: Early EndPlayMap Detection: Level '/Game/FirstPersonBP/Maps/FireForest.FireForest:PersistentLevel' has LevelScriptBlueprint '/Game/FirstPersonBP/Maps/FireForest.FireForest:PersistentLevel.FireForest' with GeneratedClass '/Game/FirstPersonBP/Maps/FireForest.FireForest_C' with ClassGeneratedBy '/Game/FirstPersonBP/Maps/FireForest.FireForest:PersistentLevel.FireForest'
[2017.03.22-12.33.56:092][807]LogBlueprintUserMessages: Late EndPlayMap Detection: Level '/Game/FirstPersonBP/Maps/FireForest.FireForest:PersistentLevel' has LevelScriptBlueprint '/Game/FirstPersonBP/Maps/FireForest.FireForest:PersistentLevel.FireForest' with GeneratedClass '/Game/FirstPersonBP/Maps/FireForest.FireForest_C' with ClassGeneratedBy '/Game/FirstPersonBP/Maps/FireForest.FireForest:PersistentLevel.FireForest'
[2017.03.22-12.33.57:359][923]Cmd: OBJ SAVEPACKAGE PACKAGE="/Game/FirstPersonBP/Maps/FireForest" FILE="F:/AT/firePropagation2/FirePropagation/Content/FirstPersonBP/Maps/FireForest.umap" SILENT=true AUTOSAVING=false KEEPDIRTY=false
[2017.03.22-12.34.01:006][923]LogSavePackage: Save=3073.15ms
[2017.03.22-12.34.01:006][923]LogSavePackage: Moving 'F:/AT/firePropagation2/FirePropagation/Saved/FireForest0711C01F432CEFAF0CD7D89B10101ED3.tmp' to 'F:/AT/firePropagation2/FirePropagation/Content/FirstPersonBP/Maps/FireForest.umap'
[2017.03.22-12.34.01:040][923]LogSavePackage:Display: Finished SavePackage F:/AT/firePropagation2/FirePropagation/Content/FirstPersonBP/Maps/FireForest.umap
[2017.03.22-12.34.09:593][753]Cmd: OBJ SAVEPACKAGE PACKAGE="/Game/FirstPersonBP/Maps/FireForest" FILE="F:/AT/firePropagation2/FirePropagation/Content/FirstPersonBP/Maps/FireForest.umap" SILENT=true AUTOSAVING=false KEEPDIRTY=false
[2017.03.22-12.34.13:485][753]LogSavePackage: Save=3833.28ms
[2017.03.22-12.34.13:485][753]LogSavePackage: Moving 'F:/AT/firePropagation2/FirePropagation/Saved/FireForest2865DE85420CA8E19B5FD1ADD14DE88C.tmp' to 'F:/AT/firePropagation2/FirePropagation/Content/FirstPersonBP/Maps/FireForest.umap'
[2017.03.22-12.34.13:502][753]LogSavePackage:Display: Finished SavePackage F:/AT/firePropagation2/FirePropagation/Content/FirstPersonBP/Maps/FireForest.umap
[2017.03.22-12.34.14:324][814]Cmd: OBJ SAVEPACKAGE PACKAGE="/Game/FirstPersonBP/Blueprints/FirstPersonCharacter" FILE="F:/AT/firePropagation2/FirePropagation/Content/FirstPersonBP/Blueprints/FirstPersonCharacter.uasset" SILENT=true
[2017.03.22-12.34.22:415][814]LogSavePackage: Save=7565.81ms
[2017.03.22-12.34.22:415][814]LogSavePackage: Moving 'F:/AT/firePropagation2/FirePropagation/Saved/FirstPersonCharacter2AF5267348CC2B4F48D5789D34C6AD15.tmp' to 'F:/AT/firePropagation2/FirePropagation/Content/FirstPersonBP/Blueprints/FirstPersonCharacter.uasset'
[2017.03.22-12.34.22:450][814]LogSavePackage:Display: Finished SavePackage F:/AT/firePropagation2/FirePropagation/Content/FirstPersonBP/Blueprints/FirstPersonCharacter.uasset
[2017.03.22-12.34.31:626][708]LogWindowsTextInputMethodSystem:Display: IME system now deactivated.
[2017.03.22-12.34.32:081][709]Cmd: QUIT_EDITOR
[2017.03.22-12.34.32:777][709]LogExit: Preparing to exit.
[2017.03.22-12.34.34:035][709]LogExit: Editor shut down
[2017.03.22-12.34.34:035][709]LogExit: Transaction tracking system shut down
[2017.03.22-12.34.34:137][709]LogObj: Freed 0b from 0 cluster array pools.
[2017.03.22-12.34.34:137][709]LogExit: Object subsystem successfully closed.
[2017.03.22-12.34.34:147][709]LogD3D11RHI: Shutdown
[2017.03.22-12.34.34:147][709]LogD3D11RHI: CleanupD3DDevice
[2017.03.22-12.34.34:245][709]LogD3D11RHI: ~FD3D11DynamicRHI
[2017.03.22-12.34.34:254][709]LogModuleManager: Shutting down and abandoning module BlueprintGraph (215)
[2017.03.22-12.34.34:254][709]LogModuleManager: Shutting down and abandoning module MovieSceneCapture (214)
[2017.03.22-12.34.34:254][709]LogModuleManager: Shutting down and abandoning module HierarchicalLODOutliner (213)
[2017.03.22-12.34.34:254][709]LogModuleManager: Shutting down and abandoning module CrashTracker (212)
[2017.03.22-12.34.34:254][709]LogModuleManager: Shutting down and abandoning module SceneOutliner (211)
[2017.03.22-12.34.34:254][709]LogModuleManager: Shutting down and abandoning module WidgetCarousel (210)
[2017.03.22-12.34.34:254][709]LogModuleManager: Shutting down and abandoning module AddContentDialog (209)
[2017.03.22-12.34.34:255][709]LogModuleManager: Shutting down and abandoning module GameplayTags (208)
[2017.03.22-12.34.34:255][709]LogModuleManager: Shutting down and abandoning module EditorWidgets (207)
[2017.03.22-12.34.34:255][709]LogModuleManager: Shutting down and abandoning module CollectionManager (206)
[2017.03.22-12.34.34:255][709]LogModuleManager: Shutting down and abandoning module StatsViewer (205)
[2017.03.22-12.34.34:255][709]LogModuleManager: Shutting down and abandoning module FoliageEdit (204)
[2017.03.22-12.34.34:255][709]LogModuleManager: Shutting down and abandoning module LandscapeEditor (203)
[2017.03.22-12.34.34:255][709]LogModuleManager: Shutting down and abandoning module SceneDepthPickerMode (202)
[2017.03.22-12.34.34:255][709]LogModuleManager: Shutting down and abandoning module ActorPickerMode (201)
[2017.03.22-12.34.34:255][709]LogModuleManager: Shutting down and abandoning module GeometryMode (200)
[2017.03.22-12.34.34:255][709]LogModuleManager: Shutting down and abandoning module TextureAlignMode (199)
[2017.03.22-12.34.34:255][709]LogModuleManager: Shutting down and abandoning module BspMode (198)
[2017.03.22-12.34.34:255][709]LogModuleManager: Shutting down and abandoning module HardwareSurvey (197)
[2017.03.22-12.34.34:255][709]LogModuleManager: Shutting down and abandoning module SequenceRecorderSections (196)
[2017.03.22-12.34.34:255][709]LogModuleManager: Shutting down and abandoning module SequenceRecorder (195)
[2017.03.22-12.34.34:255][709]LogModuleManager: Shutting down and abandoning module AutomationWorker (194)
[2017.03.22-12.34.34:255][709]LogModuleManager: Shutting down and abandoning module MatineeToLevelSequence (193)
[2017.03.22-12.34.34:255][709]LogModuleManager: Shutting down and abandoning module PlacementMode (192)
[2017.03.22-12.34.34:256][709]LogModuleManager: Shutting down and abandoning module LevelSequenceEditor (191)
[2017.03.22-12.34.34:256][709]LogModuleManager: Shutting down and abandoning module CharacterAI (190)
[2017.03.22-12.34.34:256][709]LogModuleManager: Shutting down and abandoning module SmartSnapping (189)
[2017.03.22-12.34.34:256][709]LogModuleManager: Shutting down and abandoning module SessionServices (188)
[2017.03.22-12.34.34:256][709]LogModuleManager: Shutting down and abandoning module ViewportSnapping (187)
[2017.03.22-12.34.34:256][709]LogModuleManager: Shutting down and abandoning module LogVisualizer (186)
[2017.03.22-12.34.34:256][709]LogModuleManager: Shutting down and abandoning module GameProjectGeneration (185)
[2017.03.22-12.34.34:256][709]LogModuleManager: Shutting down and abandoning module IntroTutorials (184)
[2017.03.22-12.34.34:256][709]LogModuleManager: Shutting down and abandoning module EditorLiveStreaming (183)
[2017.03.22-12.34.34:256][709]LogModuleManager: Shutting down and abandoning module IOSPlatformEditor (182)
[2017.03.22-12.34.34:256][709]LogModuleManager: Shutting down and abandoning module HTML5PlatformEditor (181)
[2017.03.22-12.34.34:256][709]LogModuleManager: Shutting down and abandoning module AndroidDeviceDetection (180)
[2017.03.22-12.34.35:196][709]LogModuleManager: Shutting down and abandoning module AndroidPlatformEditor (179)
[2017.03.22-12.34.35:196][709]LogModuleManager: Shutting down and abandoning module IOSRuntimeSettings (178)
[2017.03.22-12.34.35:196][709]LogModuleManager: Shutting down and abandoning module AndroidRuntimeSettings (177)
[2017.03.22-12.34.35:196][709]LogModuleManager: Shutting down and abandoning module MergeActors (176)
[2017.03.22-12.34.35:196][709]LogModuleManager: Shutting down and abandoning module SizeMap (175)
[2017.03.22-12.34.35:196][709]LogModuleManager: Shutting down and abandoning module TreeMap (174)
[2017.03.22-12.34.35:196][709]LogModuleManager: Shutting down and abandoning module ReferenceViewer (173)
[2017.03.22-12.34.35:196][709]LogModuleManager: Shutting down and abandoning module LocalizationService (172)
[2017.03.22-12.34.35:196][709]LogModuleManager: Shutting down and abandoning module LocalizationDashboard (171)
[2017.03.22-12.34.35:196][709]LogModuleManager: Shutting down and abandoning module HardwareTargeting (170)
[2017.03.22-12.34.35:196][709]LogModuleManager: Shutting down and abandoning module DeviceProfileEditor (169)
[2017.03.22-12.34.35:196][709]LogModuleManager: Shutting down and abandoning module UndoHistory (168)
[2017.03.22-12.34.35:196][709]LogModuleManager: Shutting down and abandoning module UserFeedback (167)
[2017.03.22-12.34.35:196][709]LogModuleManager: Shutting down and abandoning module XmlParser (166)
[2017.03.22-12.34.35:196][709]LogModuleManager: Shutting down and abandoning module Blutility (165)
[2017.03.22-12.34.35:196][709]LogModuleManager: Shutting down and abandoning module ProjectTargetPlatformEditor (164)
[2017.03.22-12.34.35:196][709]LogModuleManager: Shutting down and abandoning module ProjectSettingsViewer (163)
[2017.03.22-12.34.35:197][709]LogModuleManager: Shutting down and abandoning module InputBindingEditor (162)
[2017.03.22-12.34.35:197][709]LogModuleManager: Shutting down and abandoning module EditorSettingsViewer (161)
[2017.03.22-12.34.35:197][709]LogModuleManager: Shutting down and abandoning module SettingsEditor (160)
[2017.03.22-12.34.35:197][709]LogModuleManager: Shutting down and abandoning module ProjectLauncher (159)
[2017.03.22-12.34.35:197][709]LogModuleManager: Shutting down and abandoning module SessionFrontend (158)
[2017.03.22-12.34.35:197][709]LogModuleManager: Shutting down and abandoning module ProfilerClient (157)
[2017.03.22-12.34.35:197][709]LogModuleManager: Shutting down and abandoning module TargetDeviceServices (156)
[2017.03.22-12.34.35:197][709]LogModuleManager: Shutting down and abandoning module DeviceManager (155)
[2017.03.22-12.34.35:249][709]LogModuleManager: Shutting down and abandoning module AutomationController (154)
[2017.03.22-12.34.35:249][709]LogModuleManager: Shutting down and abandoning module AutomationWindow (153)
[2017.03.22-12.34.35:249][709]LogModuleManager: Shutting down and abandoning module Layers (152)
[2017.03.22-12.34.35:249][709]LogModuleManager: Shutting down and abandoning module ComponentVisualizers (151)
[2017.03.22-12.34.35:249][709]LogModuleManager: Shutting down and abandoning module DetailCustomizations (150)
[2017.03.22-12.34.35:249][709]LogModuleManager: Shutting down and abandoning module PackagesDialog (149)
[2017.03.22-12.34.35:249][709]LogModuleManager: Shutting down and abandoning module Persona (148)
[2017.03.22-12.34.35:249][709]LogModuleManager: Shutting down and abandoning module Kismet (147)
[2017.03.22-12.34.35:249][709]LogModuleManager: Shutting down and abandoning module GraphEditor (146)
[2017.03.22-12.34.35:249][709]LogModuleManager: Shutting down and abandoning module ClassViewer (145)
[2017.03.22-12.34.35:249][709]LogModuleManager: Shutting down and abandoning module Toolbox (144)
[2017.03.22-12.34.35:249][709]LogModuleManager: Shutting down and abandoning module ModuleUI (143)
[2017.03.22-12.34.35:249][709]LogModuleManager: Shutting down and abandoning module MovieSceneTools (142)
[2017.03.22-12.34.35:249][709]LogModuleManager: Shutting down and abandoning module OutputLog (141)
[2017.03.22-12.34.35:249][709]LogModuleManager: Shutting down and abandoning module GammaUI (140)
[2017.03.22-12.34.35:249][709]LogModuleManager: Shutting down and abandoning module Documentation (139)
[2017.03.22-12.34.35:249][709]LogModuleManager: Shutting down and abandoning module StreamingPauseRendering (138)
[2017.03.22-12.34.35:249][709]LogModuleManager: Shutting down and abandoning module AnalyticsET (137)
[2017.03.22-12.34.35:249][709]LogModuleManager: Shutting down and abandoning module Analytics (136)
[2017.03.22-12.34.35:249][709]LogModuleManager: Shutting down and abandoning module PortalServices (135)
[2017.03.22-12.34.35:249][709]LogModuleManager: Shutting down and abandoning module PortalRpc (134)
[2017.03.22-12.34.35:249][709]LogModuleManager: Shutting down and abandoning module MessagingRpc (133)
[2017.03.22-12.34.35:249][709]LogModuleManager: Shutting down and abandoning module GameplayDebugger (132)
[2017.03.22-12.34.35:250][709]LogModuleManager: Shutting down and abandoning module AITestSuite (131)
[2017.03.22-12.34.35:250][709]LogModuleManager: Shutting down and abandoning module AIModule (130)
[2017.03.22-12.34.35:250][709]LogModuleManager: Shutting down and abandoning module ProfilerService (129)
[2017.03.22-12.34.35:481][709]LogModuleManager: Shutting down and abandoning module TaskGraph (128)
[2017.03.22-12.34.35:481][709]LogModuleManager: Shutting down and abandoning module SlateRemote (127)
[2017.03.22-12.34.35:481][709]LogModuleManager: Shutting down and abandoning module SteamVRController (126)
[2017.03.22-12.34.35:481][709]LogModuleManager: Shutting down and abandoning module SteamVR (125)
[2017.03.22-12.34.35:481][709]LogModuleManager: Shutting down and abandoning module ProceduralMeshComponent (124)
[2017.03.22-12.34.35:481][709]LogModuleManager: Shutting down and abandoning module OculusLibrary (123)
[2017.03.22-12.34.35:481][709]LogModuleManager: Shutting down and abandoning module OculusInput (122)
[2017.03.22-12.34.35:481][709]LogModuleManager: Shutting down and abandoning module CustomMeshComponent (121)
[2017.03.22-12.34.35:481][709]LogModuleManager: Shutting down and abandoning module CableComponent (120)
[2017.03.22-12.34.35:481][709]LogModuleManager: Shutting down and abandoning module ArchVisCharacter (119)
[2017.03.22-12.34.35:481][709]LogModuleManager: Shutting down and abandoning module MediaPlayerEditor (118)
[2017.03.22-12.34.35:481][709]LogModuleManager: Shutting down and abandoning module HTML5Networking (117)
[2017.03.22-12.34.35:481][709]LogModuleManager: Shutting down and abandoning module SuperSearch (116)
[2017.03.22-12.34.35:481][709]LogModuleManager: Shutting down and abandoning module SuperSearchEditor (115)
[2017.03.22-12.34.35:481][709]LogModuleManager: Shutting down and abandoning module SpeedTreeImporter (114)
[2017.03.22-12.34.35:481][709]LogModuleManager: Shutting down and abandoning module PluginBrowser (113)
[2017.03.22-12.34.35:481][709]LogModuleManager: Shutting down and abandoning module EpicSurvey (112)
[2017.03.22-12.34.35:481][709]LogModuleManager: Shutting down and abandoning module DesktopPlatform (111)
[2017.03.22-12.34.35:481][709]LogModuleManager: Shutting down and abandoning module VisualStudioSourceCodeAccess (110)
[2017.03.22-12.34.35:481][709]LogModuleManager: Shutting down and abandoning module UObjectPlugin (109)
[2017.03.22-12.34.35:481][709]LogModuleManager: Shutting down and abandoning module SubversionSourceControl (108)
[2017.03.22-12.34.35:481][709]LogModuleManager: Shutting down and abandoning module PerforceSourceControl (107)
[2017.03.22-12.34.35:481][709]LogModuleManager: Shutting down and abandoning module SourceControl (106)
[2017.03.22-12.34.35:481][709]LogModuleManager: Shutting down and abandoning module GitSourceControl (105)
[2017.03.22-12.34.35:481][709]LogModuleManager: Shutting down and abandoning module LightPropagationVolumeEditor (104)
[2017.03.22-12.34.35:481][709]LogModuleManager: Shutting down and abandoning module PaperTiledImporter (103)
[2017.03.22-12.34.35:481][709]LogModuleManager: Shutting down and abandoning module PaperSpriteSheetImporter (102)
[2017.03.22-12.34.35:481][709]LogModuleManager: Shutting down and abandoning module MeshPaint (101)
[2017.03.22-12.34.35:481][709]LogModuleManager: Shutting down and abandoning module PixelInspectorModule (100)
[2017.03.22-12.34.35:481][709]LogModuleManager: Shutting down and abandoning module HotReload (99)
[2017.03.22-12.34.35:481][709]LogModuleManager: Shutting down and abandoning module MainFrame (98)
[2017.03.22-12.34.35:481][709]LogModuleManager: Shutting down and abandoning module LevelEditor (97)
[2017.03.22-12.34.35:482][709]LogModuleManager: Shutting down and abandoning module ContentBrowser (96)
[2017.03.22-12.34.35:482][709]LogModuleManager: Shutting down and abandoning module Paper2DEditor (95)
[2017.03.22-12.34.35:482][709]LogModuleManager: Shutting down and abandoning module UdpMessaging (94)
[2017.03.22-12.34.35:583][709]LogModuleManager: Shutting down and abandoning module LightPropagationVolumeRuntime (93)
[2017.03.22-12.34.35:583][709]LogModuleManager: Shutting down and abandoning module Paper2D (92)
[2017.03.22-12.34.35:583][709]LogModuleManager: Shutting down and abandoning module WindowsMoviePlayer (91)
[2017.03.22-12.34.35:583][709]LogModuleManager: Shutting down and abandoning module Media (90)
[2017.03.22-12.34.35:583][709]LogModuleManager: Shutting down and abandoning module WmfMedia (89)
[2017.03.22-12.34.35:583][709]LogModuleManager: Shutting down and abandoning module MediaAssets (88)
[2017.03.22-12.34.35:583][709]LogModuleManager: Shutting down and abandoning module GameLiveStreaming (87)
[2017.03.22-12.34.35:583][709]LogModuleManager: Shutting down and abandoning module GameplayTagsEditor (86)
[2017.03.22-12.34.35:583][709]LogModuleManager: Shutting down and abandoning module OnlineBlueprintSupport (85)
[2017.03.22-12.34.35:583][709]LogModuleManager: Shutting down and abandoning module VREditor (84)
[2017.03.22-12.34.35:583][709]LogModuleManager: Shutting down and abandoning module GameplayTasksEditor (83)
[2017.03.22-12.34.35:583][709]LogModuleManager: Shutting down and abandoning module PropertyEditor (82)
[2017.03.22-12.34.35:583][709]LogModuleManager: Shutting down and abandoning module BehaviorTreeEditor (81)
[2017.03.22-12.34.35:583][709]LogModuleManager: Shutting down and abandoning module FunctionalTesting (80)
[2017.03.22-12.34.35:583][709]LogModuleManager: Shutting down and abandoning module CollisionAnalyzer (79)
[2017.03.22-12.34.35:583][709]LogModuleManager: Shutting down and abandoning module Sequencer (78)
[2017.03.22-12.34.35:583][709]LogModuleManager: Shutting down and abandoning module WorkspaceMenuStructure (77)
[2017.03.22-12.34.35:583][709]LogModuleManager: Shutting down and abandoning module MessageLog (76)
[2017.03.22-12.34.35:583][709]LogModuleManager: Shutting down and abandoning module AssetTools (75)
[2017.03.22-12.34.35:583][709]LogModuleManager: Shutting down and abandoning module UMGEditor (74)
[2017.03.22-12.34.35:583][709]LogModuleManager: Shutting down and abandoning module UMG (73)
[2017.03.22-12.34.35:583][709]LogModuleManager: Shutting down and abandoning module SlateReflector (72)
[2017.03.22-12.34.35:583][709]LogModuleManager: Shutting down and abandoning module Slate (71)
[2017.03.22-12.34.35:583][709]LogModuleManager: Shutting down and abandoning module EditorStyle (70)
[2017.03.22-12.34.35:585][709]LogModuleManager: Shutting down and abandoning module SourceCodeAccess (69)
[2017.03.22-12.34.35:585][709]LogModuleManager: Shutting down and abandoning module HeadMountedDisplay (68)
[2017.03.22-12.34.35:585][709]LogModuleManager: Shutting down and abandoning module XAudio2 (67)
[2017.03.22-12.34.35:585][709]LogModuleManager: Shutting down and abandoning module Networking (65)
[2017.03.22-12.34.35:585][709]LogModuleManager: Shutting down and abandoning module Core (64)
[2017.03.22-12.34.35:585][709]LogModuleManager: Shutting down and abandoning module DirectoryWatcher (63)
[2017.03.22-12.34.35:585][709]LogModuleManager: Shutting down and abandoning module AssetRegistry (62)
[2017.03.22-12.34.41:663][709]LogModuleManager: Shutting down and abandoning module KismetCompiler (61)
[2017.03.22-12.34.41:663][709]LogModuleManager: Shutting down and abandoning module PhysXFormats (60)
[2017.03.22-12.34.41:663][709]LogModuleManager: Shutting down and abandoning module MeshUtilities (59)
[2017.03.22-12.34.41:663][709]LogModuleManager: Shutting down and abandoning module DerivedDataCache (58)
[2017.03.22-12.34.41:757][709]LogDerivedDataCache: Shutdown
[2017.03.22-12.34.41:758][709]LogModuleManager: Shutting down and abandoning module VulkanShaderFormat (57)
[2017.03.22-12.34.41:758][709]LogModuleManager: Shutting down and abandoning module ShaderFormatOpenGL (56)
[2017.03.22-12.34.41:758][709]LogModuleManager: Shutting down and abandoning module ShaderFormatD3D (55)
[2017.03.22-12.34.41:758][709]LogModuleManager: Shutting down and abandoning module MetalShaderFormat (54)
[2017.03.22-12.34.41:758][709]LogModuleManager: Shutting down and abandoning module TextureFormatUncompressed (53)
[2017.03.22-12.34.41:758][709]LogModuleManager: Shutting down and abandoning module TextureFormatPVR (52)
[2017.03.22-12.34.41:758][709]LogModuleManager: Shutting down and abandoning module TextureFormatIntelISPCTexComp (51)
[2017.03.22-12.34.41:758][709]LogModuleManager: Shutting down and abandoning module TextureFormatDXT (50)
[2017.03.22-12.34.41:758][709]LogModuleManager: Shutting down and abandoning module ImageWrapper (49)
[2017.03.22-12.34.41:758][709]LogModuleManager: Shutting down and abandoning module TextureFormatASTC (48)
[2017.03.22-12.34.41:758][709]LogModuleManager: Shutting down and abandoning module TextureFormatAndroid (47)
[2017.03.22-12.34.41:758][709]LogModuleManager: Shutting down and abandoning module AudioFormatOpus (46)
[2017.03.22-12.34.41:758][709]LogModuleManager: Shutting down and abandoning module AudioFormatOgg (45)
[2017.03.22-12.34.41:758][709]LogModuleManager: Shutting down and abandoning module AudioFormatADPCM (44)
[2017.03.22-12.34.41:758][709]LogModuleManager: Shutting down and abandoning module LinuxTargetPlatform (43)
[2017.03.22-12.34.41:758][709]LogModuleManager: Shutting down and abandoning module LinuxServerTargetPlatform (42)
[2017.03.22-12.34.41:758][709]LogModuleManager: Shutting down and abandoning module LinuxNoEditorTargetPlatform (41)
[2017.03.22-12.34.41:758][709]LogModuleManager: Shutting down and abandoning module TVOSTargetPlatform (40)
[2017.03.22-12.34.41:758][709]LogModuleManager: Shutting down and abandoning module Messaging (39)
[2017.03.22-12.34.41:758][709]LogModuleManager: Shutting down and abandoning module IOSTargetPlatform (38)
[2017.03.22-12.34.41:758][709]LogModuleManager: Shutting down and abandoning module HTML5TargetPlatform (37)
[2017.03.22-12.34.41:758][709]LogModuleManager: Shutting down and abandoning module Android_PVRTCTargetPlatform (36)
[2017.03.22-12.34.41:758][709]LogModuleManager: Shutting down and abandoning module Android_MultiTargetPlatform (35)
[2017.03.22-12.34.41:758][709]LogModuleManager: Shutting down and abandoning module Android_ETC2TargetPlatform (34)
[2017.03.22-12.34.41:758][709]LogModuleManager: Shutting down and abandoning module Android_ETC1TargetPlatform (33)
[2017.03.22-12.34.41:758][709]LogModuleManager: Shutting down and abandoning module Android_DXTTargetPlatform (32)
[2017.03.22-12.34.41:758][709]LogModuleManager: Shutting down and abandoning module Android_ATCTargetPlatform (31)
[2017.03.22-12.34.41:758][709]LogModuleManager: Shutting down and abandoning module Android_ASTCTargetPlatform (30)
[2017.03.22-12.34.41:758][709]LogModuleManager: Shutting down and abandoning module AndroidTargetPlatform (29)
[2017.03.22-12.34.41:758][709]LogModuleManager: Shutting down and abandoning module WindowsTargetPlatform (28)
[2017.03.22-12.34.41:758][709]LogModuleManager: Shutting down and abandoning module WindowsServerTargetPlatform (27)
[2017.03.22-12.34.41:758][709]LogModuleManager: Shutting down and abandoning module WindowsNoEditorTargetPlatform (26)
[2017.03.22-12.34.41:758][709]LogModuleManager: Shutting down and abandoning module WindowsClientTargetPlatform (25)
[2017.03.22-12.34.41:758][709]LogModuleManager: Shutting down and abandoning module AllDesktopTargetPlatform (24)
[2017.03.22-12.34.41:758][709]LogModuleManager: Shutting down and abandoning module TargetPlatform (23)
[2017.03.22-12.34.41:758][709]LogModuleManager: Shutting down and abandoning module InputCore (22)
[2017.03.22-12.34.41:758][709]LogModuleManager: Shutting down and abandoning module Settings (21)
[2017.03.22-12.34.41:758][709]LogModuleManager: Shutting down and abandoning module OnlineSubsystem (19)
[2017.03.22-12.34.41:758][709]LogModuleManager: Shutting down and abandoning module HTTP (18)
[2017.03.22-12.34.43:262][709]LogModuleManager: Shutting down and abandoning module XMPP (17)
[2017.03.22-12.34.43:262][709]LogModuleManager: Shutting down and abandoning module OculusRift (16)
[2017.03.22-12.34.43:262][709]LogModuleManager: Shutting down and abandoning module ExampleDeviceProfileSelector (15)
[2017.03.22-12.34.43:262][709]LogModuleManager: Shutting down and abandoning module TextureCompressor (14)
[2017.03.22-12.34.43:262][709]LogModuleManager: Shutting down and abandoning module ShaderCore (13)
[2017.03.22-12.34.43:262][709]LogModuleManager: Shutting down and abandoning module Landscape (12)
[2017.03.22-12.34.43:262][709]LogModuleManager: Shutting down and abandoning module SlateRHIRenderer (11)
[2017.03.22-12.34.43:263][709]LogModuleManager: Shutting down and abandoning module OpenGLDrv (10)
[2017.03.22-12.34.43:263][709]LogModuleManager: Shutting down and abandoning module D3D11RHI (9)
[2017.03.22-12.34.43:263][709]LogModuleManager: Shutting down and abandoning module AnimGraphRuntime (8)
[2017.03.22-12.34.43:263][709]LogModuleManager: Shutting down and abandoning module Renderer (7)
[2017.03.22-12.34.43:263][709]LogModuleManager: Shutting down and abandoning module Engine (6)
[2017.03.22-12.34.43:263][709]LogModuleManager: Shutting down and abandoning module CoreUObject (5)
[2017.03.22-12.34.43:263][709]LogModuleManager: Shutting down and abandoning module NetworkFile (4)
[2017.03.22-12.34.43:263][709]LogModuleManager: Shutting down and abandoning module StreamingFile (3)
[2017.03.22-12.34.43:263][709]LogModuleManager: Shutting down and abandoning module SandboxFile (2)
[2017.03.22-12.34.43:263][709]LogModuleManager: Shutting down and abandoning module PakFile (1)
[2017.03.22-12.34.43:265][709]LogExit: Exiting.
[2017.03.22-12.34.43:266][709]Log file closed, 03/22/17 12:34:43
